#
# A fatal error has been detected by the Java Runtime Environment:
#
#  SIGSEGV (0xb) at pc=0xb3590cc5, pid=988, tid=3061594944
#
# JRE version: Java(TM) SE Runtime Environment (7.0_67-b01) (build 1.7.0_67-b01)
# Java VM: Java HotSpot(TM) Server VM (24.65-b04 mixed mode linux-x86 )
# Problematic frame:
# j  java.lang.Throwable.getStackTrace()[Ljava/lang/StackTraceElement;+0
#
# Failed to write core dump. Core dumps have been disabled. To enable core dumping, try "ulimit -c unlimited" before starting Java again
#
# If you would like to submit a bug report, please visit:
#   http://bugreport.sun.com/bugreport/crash.jsp
#

---------------  T H R E A D  ---------------

Current thread (0xb6606800):  JavaThread "main" [_thread_in_Java, id=991, stack(0xb6773000,0xb67c4000)]

siginfo:si_signo=SIGSEGV: si_errno=0, si_code=2 (SEGV_ACCERR), si_addr=0xb6773ff0

Registers:
EAX=0x00000000, EBX=0x6f4d8330, ECX=0x00002279, EDX=0x6f536518
ESP=0xb6779ff0, EBP=0xb677a010, ESI=0x6f4d831c, EDI=0xb677a018
EIP=0xb3590cc5, EFLAGS=0x00210287, CR2=0xb6773ff0

Top of Stack: (sp=0xb6779ff0)
0xb6779ff0:   b6779ff0 6f4d831c b677a018 6f536518
0xb677a000:   00000000 6f4d8330 00000000 b677a018
0xb677a010:   b677a03c b358a51a 9e28cf68 b677a01c
0xb677a020:   6fa77ba0 b677a04c 6fa77d80 00000000
0xb677a030:   6fa77bd8 b677a018 b677a050 00000000
0xb677a040:   b35da71c 00000000 9e28cf68 a0048268
0xb677a050:   00000000 6f582e48 00000000 738988f0
0xb677a060:   9e28cf68 b677a090 6f536518 00000000 

Instructions: (pc=0xb3590cc5)
0xb3590ca5:   00 f0 ff ff 89 84 24 00 e0 ff ff 89 84 24 00 d0
0xb3590cb5:   ff ff 89 84 24 00 c0 ff ff 89 84 24 00 b0 ff ff
0xb3590cc5:   89 84 24 00 a0 ff ff 8b c4 c1 e8 0c 8b 04 85 00
0xb3590cd5:   13 0f b7 c6 80 85 01 00 00 00 80 3d c6 d4 0d b7 

Register to memory mapping:

EAX=0x00000000 is an unknown value
EBX=0x6f4d8330 is an oop
{method} 
 - klass: {other class}
ECX=0x00002279 is an unknown value
EDX=0x6f536518 is an oop
{constant pool cache} 
 - klass: {other class}
                 -------------
  0  (0x6f536528)  [00|b7|    1]
                 [   0x6f4c12e0]
                 [   0x00000000]
                 [   0x80000001]
                 -------------
  1  (0x6f536538)  [b5|b4|    2]
                 [   0x73a0f638]
                 [   0x00000010]
                 [   0x74000004]
                 -------------
  2  (0x6f536548)  [00|b2|    3]
                 [   0x73a0f638]
                 [   0x00000070]
                 [   0x74400003]
                 -------------
  3  (0x6f536558)  [b5|b4|    4]
                 [   0x73a0f638]
                 [   0x00000014]
                 [   0x74000005]
                 -------------
  4  (0x6f536568)  [00|b2|    5]
                 [   0x73a0f638]
                 [   0x00000074]
                 [   0x74400006]
                 -------------
  5  (0x6f536578)  [b5|b4|    6]
                 [   0x73a0f638]
                 [   0x00000018]
                 [   0x74000007]
                 -------------
  6  (0x6f536588)  [b6|00|    7]
                 [   0x00000000]
                 [   0x00000009]
                 [   0x70000001]
                 -------------
  7  (0x6f536598)  [b5|b4|    8]
                 [   0x73a0f638]
                 [   0x0000000c]
                 [   0x74000002]
                 -------------
  8  (0x6f5365a8)  [00|00|    9]
                 [   0x00000000]
                 [   0x00000000]
                 [   0x00000000]
                 -------------
  9  (0x6f5365b8)  [00|00|   10]
                 [   0x00000000]
                 [   0x00000000]
                 [   0x00000000]
                 -------------
 10  (0x6f5365c8)  [00|00|   13]
                 [   0x00000000]
                 [   0x00000000]
                 [   0x00000000]
                 -------------
 11  (0x6f5365d8)  [00|00|   15]
                 [   0x00000000]
                 [   0x00000000]
                 [   0x00000000]
                 -------------
 12  (0x6f5365e8)  [00|00|   17]
                 [   0x00000000]
                 [   0x00000000]
                 [   0x00000000]
                 -------------
 13  (0x6f5365f8)  [00|00|   18]
                 [   0x00000000]
                 [   0x00000000]
                 [   0x00000000]
                 -------------
 14  (0x6f536608)  [00|00|   19]
                 [   0x00000000]
                 [   0x00000000]
                 [   0x00000000]
                 -------------
 15  (0x6f536618)  [00|00|   22]
                 [   0x00000000]
                 [   0x00000000]
                 [   0x00000000]
                 -------------
 16  (0x6f536628)  [00|00|   23]
                 [   0x00000000]
                 [   0x00000000]
                 [   0x00000000]
                 -------------
 17  (0x6f536638)  [00|00|   24]
                 [   0x00000000]
                 [   0x00000000]
                 [   0x00000000]
                 -------------
 18  (0x6f536648)  [00|00|   25]
                 [   0x00000000]
                 [   0x00000000]
                 [   0x00000000]
                 -------------
 19  (0x6f536658)  [00|00|   27]
                 [   0x00000000]
                 [   0x00000000]
                 [   0x00000000]
                 -------------
 20  (0x6f536668)  [00|00|   28]
                 [   0x00000000]
                 [   0x00000000]
                 [   0x00000000]
                 -------------
 21  (0x6f536678)  [00|00|   30]
                 [   0x00000000]
                 [   0x00000000]
                 [   0x00000000]
                 -------------
 22  (0x6f536688)  [00|00|   31]
                 [   0x00000000]
                 [   0x00000000]
                 [   0x00000000]
                 -------------
 23  (0x6f536698)  [00|00|   33]
                 [   0x00000000]
                 [   0x00000000]
                 [   0x00000000]
                 -------------
 24  (0x6f5366a8)  [00|00|   34]
                 [   0x00000000]
                 [   0x00000000]
                 [   0x00000000]
                 -------------
 25  (0x6f5366b8)  [00|00|   35]
                 [   0x00000000]
                 [   0x00000000]
                 [   0x00000000]
                 -------------
 26  (0x6f5366c8)  [00|00|   36]
                 [   0x00000000]
                 [   0x00000000]
                 [   0x00000000]
                 -------------
 27  (0x6f5366d8)  [00|00|   37]
                 [   0x00000000]
                 [   0x00000000]
                 [   0x00000000]
                 -------------
 28  (0x6f5366e8)  [00|b7|   38]
                 [   0x6f4d8418]
                 [   0x00000000]
                 [   0x70000001]
                 -------------
 29  (0x6f5366f8)  [00|00|   40]
                 [   0x00000000]
                 [   0x00000000]
                 [   0x00000000]
                 -------------
 30  (0x6f536708)  [00|00|   41]
                 [   0x00000000]
                 [   0x00000000]
                 [   0x00000000]
                 -------------
 31  (0x6f536718)  [00|00|   44]
                 [   0x00000000]
                 [   0x00000000]
                 [   0x00000000]
                 -------------
 32  (0x6f536728)  [00|00|   45]
                 [   0x00000000]
                 [   0x00000000]
                 [   0x00000000]
                 -------------
 33  (0x6f536738)  [00|00|   48]
                 [   0x73a0f638]
                 [   0x00000098]
                 [   0x0440000d]
                 -------------
 34  (0x6f536748)  [00|00|   49]
                 [   0x00000000]
                 [   0x00000000]
                 [   0x00000000]
                 -------------
 35  (0x6f536758)  [00|00|   51]
                 [   0x00000000]
                 [   0x00000000]
                 [   0x00000000]
                 -------------
 36  (0x6f536768)  [00|00|   52]
                 [   0x00000000]
                 [   0x00000000]
                 [   0x00000000]
                 -------------
 37  (0x6f536778)  [00|00|   55]
                 [   0x00000000]
                 [   0x00000000]
                 [   0x00000000]
                 -------------
 38  (0x6f536788)  [00|00|   57]
                 [   0x00000000]
                 [   0x00000000]
                 [   0x00000000]
                 -------------
 39  (0x6f536798)  [00|00|   60]
                 [   0x00000000]
                 [   0x00000000]
                 [   0x00000000]
                 -------------
 40  (0x6f5367a8)  [00|00|   61]
                 [   0x00000000]
                 [   0x00000000]
                 [   0x00000000]
                 -------------
 41  (0x6f5367b8)  [00|b7|   62]
                 [   0x6f4d8290]
                 [   0x00000000]
                 [   0x70000002]
                 -------------
 42  (0x6f5367c8)  [b6|00|   63]
                 [   0x00000000]
                 [   0x00000004]
                 [   0x70000001]
                 -------------
 43  (0x6f5367d8)  [b6|00|   65]
                 [   0x00000000]
                 [   0x00000013]
                 [   0x30000001]
                 -------------
 44  (0x6f5367e8)  [b6|00|   67]
                 [   0x00000000]
                 [   0x00000014]
                 [   0x70000002]
                 -------------
 45  (0x6f5367f8)  [00|00|   68]
                 [   0x00000000]
                 [   0x00000000]
                 [   0x00000000]
                 -------------
 46  (0x6f536808)  [00|00|   71]
                 [   0x00000000]
                 [   0x00000000]
                 [   0x00000000]
                 -------------
 47  (0x6f536818)  [00|00|   72]
                 [   0x00000000]
                 [   0x00000000]
                 [   0x00000000]
                 -------------
 48  (0x6f536828)  [00|00|   73]
                 [   0x00000000]
                 [   0x00000000]
                 [   0x00000000]
                 -------------
 49  (0x6f536838)  [00|b7|   75]
                 [   0x6f566808]
                 [   0x00000000]
                 [   0x80000002]
                 -------------
 50  (0x6f536848)  [00|00|   76]
                 [   0x00000000]
                 [   0x00000000]
                 [   0x00000000]
                 -------------
 51  (0x6f536858)  [00|00|   77]
                 [   0x00000000]
                 [   0x00000000]
                 [   0x00000000]
                 -------------
 52  (0x6f536868)  [00|00|   78]
                 [   0x00000000]
                 [   0x00000000]
                 [   0x00000000]
                 -------------
 53  (0x6f536878)  [00|00|   82]
                 [   0x00000000]
                 [   0x00000000]
                 [   0x00000000]
                 -------------
 54  (0x6f536888)  [00|00|   83]
                 [   0x00000000]
                 [   0x00000000]
                 [   0x00000000]
                 -------------
 55  (0x6f536898)  [00|00|   84]
                 [   0x00000000]
                 [   0x00000000]
                 [   0x00000000]
                 -------------
 56  (0x6f5368a8)  [00|00|   85]
                 [   0x00000000]
                 [   0x00000000]
                 [   0x00000000]
                 -------------
 57  (0x6f5368b8)  [00|00|   87]
                 [   0x00000000]
                 [   0x00000000]
                 [   0x00000000]
                 -------------
 58  (0x6f5368c8)  [00|00|   88]
                 [   0x00000000]
                 [   0x00000000]
                 [   0x00000000]
                 -------------
 59  (0x6f5368d8)  [00|00|   89]
                 [   0x00000000]
                 [   0x00000000]
                 [   0x00000000]
                 -------------
 60  (0x6f5368e8)  [00|00|   90]
                 [   0x73a0f638]
                 [   0x00000088]
                 [   0x7440000c]
                 -------------
 61  (0x6f5368f8)  [00|00|   91]
                 [   0x00000000]
                 [   0x00000000]
                 [   0x00000000]
                 -------------
 62  (0x6f536908)  [b6|00|   93]
                 [   0x00000000]
                 [   0x6f4ce610]
                 [   0x00500001]
                 -------------
 63  (0x6f536918)  [00|b8|   94]
                 [   0x6f56b6b8]
                 [   0x00000000]
                 [   0x70000001]
                 -------------
ESP=0xb6779ff0 is pointing into the stack for thread: 0xb6606800
EBP=0xb677a010 is pointing into the stack for thread: 0xb6606800
ESI=0x6f4d831c is pointing into object: 0x6f4d82f0
{constMethod} 
 - klass: {other class}
 - constants:       0x6f4d6d40 constant pool [340] for 'java/lang/Throwable' cache=0x6f536518
bci_from(0x6f4d831c) = 0; print_codes():
EDI=0xb677a018 is pointing into the stack for thread: 0xb6606800


Stack: [0xb6773000,0xb67c4000],  sp=0xb6779ff0,  free space=27k
Native frames: (J=compiled Java code, j=interpreted, Vv=VM code, C=native code)
j  java.lang.Throwable.getStackTrace()[Ljava/lang/StackTraceElement;+0
j  sun.reflect.GeneratedMethodAccessor2.invoke(Ljava/lang/Object;[Ljava/lang/Object;)Ljava/lang/Object;+36
J 177 C2 java.lang.reflect.Method.invoke(Ljava/lang/Object;[Ljava/lang/Object;)Ljava/lang/Object; (63 bytes) @ 0xb35da71c [0xb35da680+0x9c]
J 181 C2 org.apache.log4j.spi.LocationInfo.<init>(Ljava/lang/Throwable;Ljava/lang/String;)V (555 bytes) @ 0xb362989c [0xb3629820+0x7c]
j  org.apache.log4j.spi.LoggingEvent.getLocationInformation()Lorg/apache/log4j/spi/LocationInfo;+23
j  org.apache.log4j.helpers.PatternParser$LocationPatternConverter.convert(Lorg/apache/log4j/spi/LoggingEvent;)Ljava/lang/String;+1
j  org.apache.log4j.helpers.PatternConverter.format(Ljava/lang/StringBuffer;Lorg/apache/log4j/spi/LoggingEvent;)V+2
J 185 C2 org.apache.log4j.PatternLayout.format(Lorg/apache/log4j/spi/LoggingEvent;)Ljava/lang/String; (72 bytes) @ 0xb35db680 [0xb35db560+0x120]
j  org.apache.log4j.WriterAppender.subAppend(Lorg/apache/log4j/spi/LoggingEvent;)V+9
j  org.apache.log4j.WriterAppender.append(Lorg/apache/log4j/spi/LoggingEvent;)V+10
j  org.apache.log4j.AppenderSkeleton.doAppend(Lorg/apache/log4j/spi/LoggingEvent;)V+106
j  org.apache.log4j.helpers.AppenderAttachableImpl.appendLoopOnAppenders(Lorg/apache/log4j/spi/LoggingEvent;)I+41
j  org.apache.log4j.Category.callAppenders(Lorg/apache/log4j/spi/LoggingEvent;)V+26
j  org.apache.log4j.Category.forcedLog(Ljava/lang/String;Lorg/apache/log4j/Priority;Ljava/lang/Object;Ljava/lang/Throwable;)V+14
j  org.apache.log4j.Category.log(Ljava/lang/String;Lorg/apache/log4j/Priority;Ljava/lang/Object;Ljava/lang/Throwable;)V+34
j  org.slf4j.impl.Log4jLoggerAdapter.info(Ljava/lang/String;Ljava/lang/Object;)V+34
j  br.gov.frameworkdemoiselle.certificate.signer.handler.MyInvocationHandler.invoke(Ljava/lang/Object;Ljava/lang/reflect/Method;[Ljava/lang/Object;)Ljava/lang/Object;+9
j  com.sun.proxy.$Proxy4.initialize([BLjava/security/PrivateKey;[Ljava/security/cert/Certificate;)V+24
j  sun.reflect.GeneratedMethodAccessor6.invoke(Ljava/lang/Object;[Ljava/lang/Object;)Ljava/lang/Object;+56
J 177 C2 java.lang.reflect.Method.invoke(Ljava/lang/Object;[Ljava/lang/Object;)Ljava/lang/Object; (63 bytes) @ 0xb35da71c [0xb35da680+0x9c]
j  br.gov.frameworkdemoiselle.certificate.signer.handler.MyInvocationHandler.invoke(Ljava/lang/Object;Ljava/lang/reflect/Method;[Ljava/lang/Object;)Ljava/lang/Object;+17
j  com.sun.proxy.$Proxy4.initialize([BLjava/security/PrivateKey;[Ljava/security/cert/Certificate;)V+24
j  sun.reflect.GeneratedMethodAccessor6.invoke(Ljava/lang/Object;[Ljava/lang/Object;)Ljava/lang/Object;+56
J 177 C2 java.lang.reflect.Method.invoke(Ljava/lang/Object;[Ljava/lang/Object;)Ljava/lang/Object; (63 bytes) @ 0xb35da71c [0xb35da680+0x9c]
j  br.gov.frameworkdemoiselle.certificate.signer.handler.MyInvocationHandler.invoke(Ljava/lang/Object;Ljava/lang/reflect/Method;[Ljava/lang/Object;)Ljava/lang/Object;+17
j  com.sun.proxy.$Proxy4.initialize([BLjava/security/PrivateKey;[Ljava/security/cert/Certificate;)V+24
j  sun.reflect.GeneratedMethodAccessor6.invoke(Ljava/lang/Object;[Ljava/lang/Object;)Ljava/lang/Object;+56
J 177 C2 java.lang.reflect.Method.invoke(Ljava/lang/Object;[Ljava/lang/Object;)Ljava/lang/Object; (63 bytes) @ 0xb35da71c [0xb35da680+0x9c]
j  br.gov.frameworkdemoiselle.certificate.signer.handler.MyInvocationHandler.invoke(Ljava/lang/Object;Ljava/lang/reflect/Method;[Ljava/lang/Object;)Ljava/lang/Object;+17
j  com.sun.proxy.$Proxy4.initialize([BLjava/security/PrivateKey;[Ljava/security/cert/Certificate;)V+24
j  sun.reflect.GeneratedMethodAccessor6.invoke(Ljava/lang/Object;[Ljava/lang/Object;)Ljava/lang/Object;+56
J 177 C2 java.lang.reflect.Method.invoke(Ljava/lang/Object;[Ljava/lang/Object;)Ljava/lang/Object; (63 bytes) @ 0xb35da71c [0xb35da680+0x9c]
j  br.gov.frameworkdemoiselle.certificate.signer.handler.MyInvocationHandler.invoke(Ljava/lang/Object;Ljava/lang/reflect/Method;[Ljava/lang/Object;)Ljava/lang/Object;+17
j  com.sun.proxy.$Proxy4.initialize([BLjava/security/PrivateKey;[Ljava/security/cert/Certificate;)V+24
j  sun.reflect.GeneratedMethodAccessor6.invoke(Ljava/lang/Object;[Ljava/lang/Object;)Ljava/lang/Object;+56
J 177 C2 java.lang.reflect.Method.invoke(Ljava/lang/Object;[Ljava/lang/Object;)Ljava/lang/Object; (63 bytes) @ 0xb35da71c [0xb35da680+0x9c]
j  br.gov.frameworkdemoiselle.certificate.signer.handler.MyInvocationHandler.invoke(Ljava/lang/Object;Ljava/lang/reflect/Method;[Ljava/lang/Object;)Ljava/lang/Object;+17
j  com.sun.proxy.$Proxy4.initialize([BLjava/security/PrivateKey;[Ljava/security/cert/Certificate;)V+24
j  sun.reflect.GeneratedMethodAccessor6.invoke(Ljava/lang/Object;[Ljava/lang/Object;)Ljava/lang/Object;+56
J 177 C2 java.lang.reflect.Method.invoke(Ljava/lang/Object;[Ljava/lang/Object;)Ljava/lang/Object; (63 bytes) @ 0xb35da71c [0xb35da680+0x9c]
j  br.gov.frameworkdemoiselle.certificate.signer.handler.MyInvocationHandler.invoke(Ljava/lang/Object;Ljava/lang/reflect/Method;[Ljava/lang/Object;)Ljava/lang/Object;+17
j  com.sun.proxy.$Proxy4.initialize([BLjava/security/PrivateKey;[Ljava/security/cert/Certificate;)V+24
j  sun.reflect.GeneratedMethodAccessor6.invoke(Ljava/lang/Object;[Ljava/lang/Object;)Ljava/lang/Object;+56
J 177 C2 java.lang.reflect.Method.invoke(Ljava/lang/Object;[Ljava/lang/Object;)Ljava/lang/Object; (63 bytes) @ 0xb35da71c [0xb35da680+0x9c]
j  br.gov.frameworkdemoiselle.certificate.signer.handler.MyInvocationHandler.invoke(Ljava/lang/Object;Ljava/lang/reflect/Method;[Ljava/lang/Object;)Ljava/lang/Object;+17
j  com.sun.proxy.$Proxy4.initialize([BLjava/security/PrivateKey;[Ljava/security/cert/Certificate;)V+24
j  sun.reflect.GeneratedMethodAccessor6.invoke(Ljava/lang/Object;[Ljava/lang/Object;)Ljava/lang/Object;+56
J 177 C2 java.lang.reflect.Method.invoke(Ljava/lang/Object;[Ljava/lang/Object;)Ljava/lang/Object; (63 bytes) @ 0xb35da71c [0xb35da680+0x9c]
j  br.gov.frameworkdemoiselle.certificate.signer.handler.MyInvocationHandler.invoke(Ljava/lang/Object;Ljava/lang/reflect/Method;[Ljava/lang/Object;)Ljava/lang/Object;+17
j  com.sun.proxy.$Proxy4.initialize([BLjava/security/PrivateKey;[Ljava/security/cert/Certificate;)V+24
j  sun.reflect.GeneratedMethodAccessor6.invoke(Ljava/lang/Object;[Ljava/lang/Object;)Ljava/lang/Object;+56
J 177 C2 java.lang.reflect.Method.invoke(Ljava/lang/Object;[Ljava/lang/Object;)Ljava/lang/Object; (63 bytes) @ 0xb35da71c [0xb35da680+0x9c]
j  br.gov.frameworkdemoiselle.certificate.signer.handler.MyInvocationHandler.invoke(Ljava/lang/Object;Ljava/lang/reflect/Method;[Ljava/lang/Object;)Ljava/lang/Object;+17
j  com.sun.proxy.$Proxy4.initialize([BLjava/security/PrivateKey;[Ljava/security/cert/Certificate;)V+24
j  sun.reflect.GeneratedMethodAccessor6.invoke(Ljava/lang/Object;[Ljava/lang/Object;)Ljava/lang/Object;+56
J 177 C2 java.lang.reflect.Method.invoke(Ljava/lang/Object;[Ljava/lang/Object;)Ljava/lang/Object; (63 bytes) @ 0xb35da71c [0xb35da680+0x9c]
j  br.gov.frameworkdemoiselle.certificate.signer.handler.MyInvocationHandler.invoke(Ljava/lang/Object;Ljava/lang/reflect/Method;[Ljava/lang/Object;)Ljava/lang/Object;+17
j  com.sun.proxy.$Proxy4.initialize([BLjava/security/PrivateKey;[Ljava/security/cert/Certificate;)V+24
j  sun.reflect.GeneratedMethodAccessor6.invoke(Ljava/lang/Object;[Ljava/lang/Object;)Ljava/lang/Object;+56
J 177 C2 java.lang.reflect.Method.invoke(Ljava/lang/Object;[Ljava/lang/Object;)Ljava/lang/Object; (63 bytes) @ 0xb35da71c [0xb35da680+0x9c]
j  br.gov.frameworkdemoiselle.certificate.signer.handler.MyInvocationHandler.invoke(Ljava/lang/Object;Ljava/lang/reflect/Method;[Ljava/lang/Object;)Ljava/lang/Object;+17
j  com.sun.proxy.$Proxy4.initialize([BLjava/security/PrivateKey;[Ljava/security/cert/Certificate;)V+24
j  sun.reflect.GeneratedMethodAccessor6.invoke(Ljava/lang/Object;[Ljava/lang/Object;)Ljava/lang/Object;+56
J 177 C2 java.lang.reflect.Method.invoke(Ljava/lang/Object;[Ljava/lang/Object;)Ljava/lang/Object; (63 bytes) @ 0xb35da71c [0xb35da680+0x9c]
j  br.gov.frameworkdemoiselle.certificate.signer.handler.MyInvocationHandler.invoke(Ljava/lang/Object;Ljava/lang/reflect/Method;[Ljava/lang/Object;)Ljava/lang/Object;+17
j  com.sun.proxy.$Proxy4.initialize([BLjava/security/PrivateKey;[Ljava/security/cert/Certificate;)V+24
j  sun.reflect.GeneratedMethodAccessor6.invoke(Ljava/lang/Object;[Ljava/lang/Object;)Ljava/lang/Object;+56
J 177 C2 java.lang.reflect.Method.invoke(Ljava/lang/Object;[Ljava/lang/Object;)Ljava/lang/Object; (63 bytes) @ 0xb35da71c [0xb35da680+0x9c]
j  br.gov.frameworkdemoiselle.certificate.signer.handler.MyInvocationHandler.invoke(Ljava/lang/Object;Ljava/lang/reflect/Method;[Ljava/lang/Object;)Ljava/lang/Object;+17
j  com.sun.proxy.$Proxy4.initialize([BLjava/security/PrivateKey;[Ljava/security/cert/Certificate;)V+24
j  sun.reflect.GeneratedMethodAccessor6.invoke(Ljava/lang/Object;[Ljava/lang/Object;)Ljava/lang/Object;+56
J 177 C2 java.lang.reflect.Method.invoke(Ljava/lang/Object;[Ljava/lang/Object;)Ljava/lang/Object; (63 bytes) @ 0xb35da71c [0xb35da680+0x9c]
j  br.gov.frameworkdemoiselle.certificate.signer.handler.MyInvocationHandler.invoke(Ljava/lang/Object;Ljava/lang/reflect/Method;[Ljava/lang/Object;)Ljava/lang/Object;+17
j  com.sun.proxy.$Proxy4.initialize([BLjava/security/PrivateKey;[Ljava/security/cert/Certificate;)V+24
j  sun.reflect.GeneratedMethodAccessor6.invoke(Ljava/lang/Object;[Ljava/lang/Object;)Ljava/lang/Object;+56
J 177 C2 java.lang.reflect.Method.invoke(Ljava/lang/Object;[Ljava/lang/Object;)Ljava/lang/Object; (63 bytes) @ 0xb35da71c [0xb35da680+0x9c]
j  br.gov.frameworkdemoiselle.certificate.signer.handler.MyInvocationHandler.invoke(Ljava/lang/Object;Ljava/lang/reflect/Method;[Ljava/lang/Object;)Ljava/lang/Object;+17
j  com.sun.proxy.$Proxy4.initialize([BLjava/security/PrivateKey;[Ljava/security/cert/Certificate;)V+24
j  sun.reflect.GeneratedMethodAccessor6.invoke(Ljava/lang/Object;[Ljava/lang/Object;)Ljava/lang/Object;+56
J 177 C2 java.lang.reflect.Method.invoke(Ljava/lang/Object;[Ljava/lang/Object;)Ljava/lang/Object; (63 bytes) @ 0xb35da71c [0xb35da680+0x9c]
j  br.gov.frameworkdemoiselle.certificate.signer.handler.MyInvocationHandler.invoke(Ljava/lang/Object;Ljava/lang/reflect/Method;[Ljava/lang/Object;)Ljava/lang/Object;+17
j  com.sun.proxy.$Proxy4.initialize([BLjava/security/PrivateKey;[Ljava/security/cert/Certificate;)V+24
j  sun.reflect.GeneratedMethodAccessor6.invoke(Ljava/lang/Object;[Ljava/lang/Object;)Ljava/lang/Object;+56
J 177 C2 java.lang.reflect.Method.invoke(Ljava/lang/Object;[Ljava/lang/Object;)Ljava/lang/Object; (63 bytes) @ 0xb35da71c [0xb35da680+0x9c]
j  br.gov.frameworkdemoiselle.certificate.signer.handler.MyInvocationHandler.invoke(Ljava/lang/Object;Ljava/lang/reflect/Method;[Ljava/lang/Object;)Ljava/lang/Object;+17
j  com.sun.proxy.$Proxy4.initialize([BLjava/security/PrivateKey;[Ljava/security/cert/Certificate;)V+24
j  sun.reflect.GeneratedMethodAccessor6.invoke(Ljava/lang/Object;[Ljava/lang/Object;)Ljava/lang/Object;+56
J 177 C2 java.lang.reflect.Method.invoke(Ljava/lang/Object;[Ljava/lang/Object;)Ljava/lang/Object; (63 bytes) @ 0xb35da71c [0xb35da680+0x9c]
j  br.gov.frameworkdemoiselle.certificate.signer.handler.MyInvocationHandler.invoke(Ljava/lang/Object;Ljava/lang/reflect/Method;[Ljava/lang/Object;)Ljava/lang/Object;+17
j  com.sun.proxy.$Proxy4.initialize([BLjava/security/PrivateKey;[Ljava/security/cert/Certificate;)V+24
j  sun.reflect.GeneratedMethodAccessor6.invoke(Ljava/lang/Object;[Ljava/lang/Object;)Ljava/lang/Object;+56
J 177 C2 java.lang.reflect.Method.invoke(Ljava/lang/Object;[Ljava/lang/Object;)Ljava/lang/Object; (63 bytes) @ 0xb35da71c [0xb35da680+0x9c]
j  br.gov.frameworkdemoiselle.certificate.signer.handler.MyInvocationHandler.invoke(Ljava/lang/Object;Ljava/lang/reflect/Method;[Ljava/lang/Object;)Ljava/lang/Object;+17
j  com.sun.proxy.$Proxy4.initialize([BLjava/security/PrivateKey;[Ljava/security/cert/Certificate;)V+24
j  sun.reflect.GeneratedMethodAccessor6.invoke(Ljava/lang/Object;[Ljava/lang/Object;)Ljava/lang/Object;+56
J 177 C2 java.lang.reflect.Method.invoke(Ljava/lang/Object;[Ljava/lang/Object;)Ljava/lang/Object; (63 bytes) @ 0xb35da71c [0xb35da680+0x9c]
j  br.gov.frameworkdemoiselle.certificate.signer.handler.MyInvocationHandler.invoke(Ljava/lang/Object;Ljava/lang/reflect/Method;[Ljava/lang/Object;)Ljava/lang/Object;+17
j  com.sun.proxy.$Proxy4.initialize([BLjava/security/PrivateKey;[Ljava/security/cert/Certificate;)V+24
j  sun.reflect.GeneratedMethodAccessor6.invoke(Ljava/lang/Object;[Ljava/lang/Object;)Ljava/lang/Object;+56
J 177 C2 java.lang.reflect.Method.invoke(Ljava/lang/Object;[Ljava/lang/Object;)Ljava/lang/Object; (63 bytes) @ 0xb35da71c [0xb35da680+0x9c]
...<more frames>...


---------------  P R O C E S S  ---------------

Java Threads: ( => current thread )
  0x6c09a000 JavaThread "Service Thread" daemon [_thread_blocked, id=1002, stack(0x6ba0b000,0x6ba5c000)]
  0x6c098400 JavaThread "C2 CompilerThread1" daemon [_thread_blocked, id=1001, stack(0x6ba5c000,0x6badd000)]
  0x6c096000 JavaThread "C2 CompilerThread0" daemon [_thread_blocked, id=1000, stack(0x6badd000,0x6bb5e000)]
  0x6c094800 JavaThread "Signal Dispatcher" daemon [_thread_blocked, id=999, stack(0x6bb5e000,0x6bbaf000)]
  0x6c084c00 JavaThread "Finalizer" daemon [_thread_blocked, id=998, stack(0x6bdaf000,0x6be00000)]
  0x6c083400 JavaThread "Reference Handler" daemon [_thread_blocked, id=997, stack(0x6eb2e000,0x6eb7f000)]
=>0xb6606800 JavaThread "main" [_thread_in_Java, id=991, stack(0xb6773000,0xb67c4000)]

Other Threads:
  0x6c080800 VMThread [stack: 0x6c135000,0x6c1b6000] [id=996]
  0x6c09c000 WatcherThread [stack: 0x6b98a000,0x6ba0b000] [id=1003]

VM state:not at safepoint (normal execution)

VM Mutex/Monitor currently owned by a thread: None

Heap
 PSYoungGen      total 38912K, used 4850K [0x9df40000, 0xa2c40000, 0xb34c0000)
  eden space 33792K, 11% used [0x9df40000,0x9e304ac0,0xa0040000)
  from space 5120K, 19% used [0xa0040000,0xa0138000,0xa0540000)
  to   space 5632K, 0% used [0xa26c0000,0xa26c0000,0xa2c40000)
 ParOldGen       total 43520K, used 6689K [0x734c0000, 0x75f40000, 0x9df40000)
  object space 43520K, 15% used [0x734c0000,0x73b486c0,0x75f40000)
 PSPermGen       total 16384K, used 5867K [0x6f4c0000, 0x704c0000, 0x734c0000)
  object space 16384K, 35% used [0x6f4c0000,0x6fa7ae90,0x704c0000)

Card table byte_map: [0x6f29f000,0x6f4c0000] byte_map_base: 0x6ef24a00

Polling page: 0xb76e5000

Code Cache  [0xb3587000, 0xb37c7000, 0xb6587000)
 total_blobs=331 nmethods=184 adapters=100 free_code_cache=48482Kb largest_free_block=49602624

Compilation events (10 events):
Event: 4,066 Thread 0x6c096000 nmethod 179 0xb361bd48 code [0xb361be40, 0xb361bed0]
Event: 4,095 Thread 0x6c098400 nmethod 181 0xb3629448 code [0xb3629820, 0xb362adf4]
Event: 4,095 Thread 0x6c096000  182 % !         org.apache.log4j.spi.LocationInfo::<init> @ 48 (555 bytes)
Event: 4,101 Thread 0x6c098400  183             org.apache.maven.surefire.util.internal.StringUtils::escapeJavaStyleString (565 bytes)
Event: 4,116 Thread 0x6c098400 nmethod 183 0xb362c588 code [0xb362c8a0, 0xb362d4bc]
Event: 4,175 Thread 0x6c096000 nmethod 182% 0xb3632988 code [0xb3632dc0, 0xb363591c]
Event: 4,450 Thread 0x6c098400  184  s          java.lang.StringBuffer::append (8 bytes)
Event: 4,457 Thread 0x6c098400 nmethod 184 0xb3626cc8 code [0xb3626e00, 0xb36273d0]
Event: 4,986 Thread 0x6c096000  185             org.apache.log4j.PatternLayout::format (72 bytes)
Event: 4,995 Thread 0x6c096000 nmethod 185 0xb35db3c8 code [0xb35db560, 0xb35dbedc]

GC Heap History (10 events):
Event: 4,088 GC heap before
{Heap before GC invocations=3 (full 0):
 PSYoungGen      total 19456K, used 19444K [0x9df40000, 0x9f4c0000, 0xb34c0000)
  eden space 16896K, 100% used [0x9df40000,0x9efc0000,0x9efc0000)
  from space 2560K, 99% used [0x9f240000,0x9f4bd3b0,0x9f4c0000)
  to   space 2560K, 0% used [0x9efc0000,0x9efc0000,0x9f240000)
 ParOldGen       total 43520K, used 3406K [0x734c0000, 0x75f40000, 0x9df40000)
  object space 43520K, 7% used [0x734c0000,0x73813bb0,0x75f40000)
 PSPermGen       total 16384K, used 5865K [0x6f4c0000, 0x704c0000, 0x734c0000)
  object space 16384K, 35% used [0x6f4c0000,0x6fa7a600,0x704c0000)
Event: 4,093 GC heap after
Heap after GC invocations=3 (full 0):
 PSYoungGen      total 19456K, used 2556K [0x9df40000, 0x9f4c0000, 0xb34c0000)
  eden space 16896K, 0% used [0x9df40000,0x9df40000,0x9efc0000)
  from space 2560K, 99% used [0x9efc0000,0x9f23f330,0x9f240000)
  to   space 2560K, 0% used [0x9f240000,0x9f240000,0x9f4c0000)
 ParOldGen       total 43520K, used 4940K [0x734c0000, 0x75f40000, 0x9df40000)
  object space 43520K, 11% used [0x734c0000,0x739933e8,0x75f40000)
 PSPermGen       total 16384K, used 5865K [0x6f4c0000, 0x704c0000, 0x734c0000)
  object space 16384K, 35% used [0x6f4c0000,0x6fa7a600,0x704c0000)
}
Event: 4,279 GC heap before
{Heap before GC invocations=4 (full 0):
 PSYoungGen      total 19456K, used 19452K [0x9df40000, 0x9f4c0000, 0xb34c0000)
  eden space 16896K, 100% used [0x9df40000,0x9efc0000,0x9efc0000)
  from space 2560K, 99% used [0x9efc0000,0x9f23f330,0x9f240000)
  to   space 2560K, 0% used [0x9f240000,0x9f240000,0x9f4c0000)
 ParOldGen       total 43520K, used 4940K [0x734c0000, 0x75f40000, 0x9df40000)
  object space 43520K, 11% used [0x734c0000,0x739933e8,0x75f40000)
 PSPermGen       total 16384K, used 5865K [0x6f4c0000, 0x704c0000, 0x734c0000)
  object space 16384K, 35% used [0x6f4c0000,0x6fa7a718,0x704c0000)
Event: 4,282 GC heap after
Heap after GC invocations=4 (full 0):
 PSYoungGen      total 19456K, used 2556K [0x9df40000, 0x9f4c0000, 0xb34c0000)
  eden space 16896K, 0% used [0x9df40000,0x9df40000,0x9efc0000)
  from space 2560K, 99% used [0x9f240000,0x9f4bf330,0x9f4c0000)
  to   space 2560K, 0% used [0x9efc0000,0x9efc0000,0x9f240000)
 ParOldGen       total 43520K, used 4983K [0x734c0000, 0x75f40000, 0x9df40000)
  object space 43520K, 11% used [0x734c0000,0x7399dc28,0x75f40000)
 PSPermGen       total 16384K, used 5865K [0x6f4c0000, 0x704c0000, 0x734c0000)
  object space 16384K, 35% used [0x6f4c0000,0x6fa7a718,0x704c0000)
}
Event: 4,500 GC heap before
{Heap before GC invocations=5 (full 0):
 PSYoungGen      total 19456K, used 19452K [0x9df40000, 0x9f4c0000, 0xb34c0000)
  eden space 16896K, 100% used [0x9df40000,0x9efc0000,0x9efc0000)
  from space 2560K, 99% used [0x9f240000,0x9f4bf330,0x9f4c0000)
  to   space 2560K, 0% used [0x9efc0000,0x9efc0000,0x9f240000)
 ParOldGen       total 43520K, used 4983K [0x734c0000, 0x75f40000, 0x9df40000)
  object space 43520K, 11% used [0x734c0000,0x7399dc28,0x75f40000)
 PSPermGen       total 16384K, used 5865K [0x6f4c0000, 0x704c0000, 0x734c0000)
  object space 16384K, 35% used [0x6f4c0000,0x6fa7a798,0x704c0000)
Event: 4,504 GC heap after
Heap after GC invocations=5 (full 0):
 PSYoungGen      total 19456K, used 2556K [0x9df40000, 0xa0a40000, 0xb34c0000)
  eden space 16896K, 0% used [0x9df40000,0x9df40000,0x9efc0000)
  from space 2560K, 99% used [0x9efc0000,0x9f23f330,0x9f240000)
  to   space 5120K, 0% used [0xa0540000,0xa0540000,0xa0a40000)
 ParOldGen       total 43520K, used 5051K [0x734c0000, 0x75f40000, 0x9df40000)
  object space 43520K, 11% used [0x734c0000,0x739aec28,0x75f40000)
 PSPermGen       total 16384K, used 5865K [0x6f4c0000, 0x704c0000, 0x734c0000)
  object space 16384K, 35% used [0x6f4c0000,0x6fa7a798,0x704c0000)
}
Event: 4,712 GC heap before
{Heap before GC invocations=6 (full 0):
 PSYoungGen      total 19456K, used 19452K [0x9df40000, 0xa0a40000, 0xb34c0000)
  eden space 16896K, 100% used [0x9df40000,0x9efc0000,0x9efc0000)
  from space 2560K, 99% used [0x9efc0000,0x9f23f330,0x9f240000)
  to   space 5120K, 0% used [0xa0540000,0xa0540000,0xa0a40000)
 ParOldGen       total 43520K, used 5051K [0x734c0000, 0x75f40000, 0x9df40000)
  object space 43520K, 11% used [0x734c0000,0x739aec28,0x75f40000)
 PSPermGen       total 16384K, used 5866K [0x6f4c0000, 0x704c0000, 0x734c0000)
  object space 16384K, 35% used [0x6f4c0000,0x6fa7ab10,0x704c0000)
Event: 4,716 GC heap after
Heap after GC invocations=6 (full 0):
 PSYoungGen      total 38912K, used 2545K [0x9df40000, 0xa0a40000, 0xb34c0000)
  eden space 33792K, 0% used [0x9df40000,0x9df40000,0xa0040000)
  from space 5120K, 49% used [0xa0540000,0xa07bc4d0,0xa0a40000)
  to   space 5120K, 0% used [0xa0040000,0xa0040000,0xa0540000)
 ParOldGen       total 43520K, used 5051K [0x734c0000, 0x75f40000, 0x9df40000)
  object space 43520K, 11% used [0x734c0000,0x739aec28,0x75f40000)
 PSPermGen       total 16384K, used 5866K [0x6f4c0000, 0x704c0000, 0x734c0000)
  object space 16384K, 35% used [0x6f4c0000,0x6fa7ab10,0x704c0000)
}
Event: 5,168 GC heap before
{Heap before GC invocations=7 (full 0):
 PSYoungGen      total 38912K, used 36337K [0x9df40000, 0xa0a40000, 0xb34c0000)
  eden space 33792K, 100% used [0x9df40000,0xa0040000,0xa0040000)
  from space 5120K, 49% used [0xa0540000,0xa07bc4d0,0xa0a40000)
  to   space 5120K, 0% used [0xa0040000,0xa0040000,0xa0540000)
 ParOldGen       total 43520K, used 5051K [0x734c0000, 0x75f40000, 0x9df40000)
  object space 43520K, 11% used [0x734c0000,0x739aec28,0x75f40000)
 PSPermGen       total 16384K, used 5867K [0x6f4c0000, 0x704c0000, 0x734c0000)
  object space 16384K, 35% used [0x6f4c0000,0x6fa7ac48,0x704c0000)
Event: 5,173 GC heap after
Heap after GC invocations=7 (full 0):
 PSYoungGen      total 38912K, used 992K [0x9df40000, 0xa2c40000, 0xb34c0000)
  eden space 33792K, 0% used [0x9df40000,0x9df40000,0xa0040000)
  from space 5120K, 19% used [0xa0040000,0xa0138000,0xa0540000)
  to   space 5632K, 0% used [0xa26c0000,0xa26c0000,0xa2c40000)
 ParOldGen       total 43520K, used 6689K [0x734c0000, 0x75f40000, 0x9df40000)
  object space 43520K, 15% used [0x734c0000,0x73b486c0,0x75f40000)
 PSPermGen       total 16384K, used 5867K [0x6f4c0000, 0x704c0000, 0x734c0000)
  object space 16384K, 35% used [0x6f4c0000,0x6fa7ac48,0x704c0000)
}

Deoptimization events (9 events):
Event: 0,215 Thread 0xb6606800 Uncommon trap: reason=class_check action=maybe_recompile pc=0xb35d7d5c method=java.util.Properties$LineReader.readLine()I @ 402
Event: 3,369 Thread 0xb6606800 Uncommon trap: reason=null_check action=make_not_entrant pc=0xb35e87f4 method=java.util.jar.Attributes.putValue(Ljava/lang/String;Ljava/lang/String;)Ljava/lang/String; @ 13
Event: 3,488 Thread 0xb6606800 Uncommon trap: reason=class_check action=maybe_recompile pc=0xb35d7d5c method=java.util.Properties$LineReader.readLine()I @ 402
Event: 3,491 Thread 0xb6606800 Uncommon trap: reason=bimorphic action=maybe_recompile pc=0xb35ea1dc method=java.lang.ThreadLocal.get()Ljava/lang/Object; @ 6
Event: 3,532 Thread 0xb6606800 Uncommon trap: reason=null_check action=make_not_entrant pc=0xb35d55a0 method=java.lang.String.equals(Ljava/lang/Object;)Z @ 8
Event: 3,561 Thread 0xb6606800 Uncommon trap: reason=bimorphic action=maybe_recompile pc=0xb35ea1dc method=java.lang.ThreadLocal.get()Ljava/lang/Object; @ 6
Event: 3,638 Thread 0xb6606800 Uncommon trap: reason=bimorphic action=maybe_recompile pc=0xb35ea1dc method=java.lang.ThreadLocal.get()Ljava/lang/Object; @ 6
Event: 3,714 Thread 0xb6606800 Uncommon trap: reason=unreached action=reinterpret pc=0xb35e6ff8 method=java.util.HashMap.put(Ljava/lang/Object;Ljava/lang/Object;)Ljava/lang/Object; @ 77
Event: 3,727 Thread 0xb6606800 Uncommon trap: reason=bimorphic action=maybe_recompile pc=0xb35ea1dc method=java.lang.ThreadLocal.get()Ljava/lang/Object; @ 6

Internal exceptions (10 events):
Event: 4,038 Thread 0xb6606800 Threw 0x9e91f2a8 at /HUDSON/workspace/7u-2-build-linux-i586/jdk7u67/1368/hotspot/src/share/vm/prims/jvm.cpp:1244
Event: 4,039 Thread 0xb6606800 Threw 0x9e9266f0 at /HUDSON/workspace/7u-2-build-linux-i586/jdk7u67/1368/hotspot/src/share/vm/prims/jvm.cpp:1244
Event: 4,039 Thread 0xb6606800 Threw 0x9e92f428 at /HUDSON/workspace/7u-2-build-linux-i586/jdk7u67/1368/hotspot/src/share/vm/prims/jvm.cpp:1244
Event: 4,040 Thread 0xb6606800 Threw 0x9e935c18 at /HUDSON/workspace/7u-2-build-linux-i586/jdk7u67/1368/hotspot/src/share/vm/prims/jvm.cpp:1244
Event: 4,040 Thread 0xb6606800 Threw 0x9e93c680 at /HUDSON/workspace/7u-2-build-linux-i586/jdk7u67/1368/hotspot/src/share/vm/prims/jvm.cpp:1244
Event: 4,041 Thread 0xb6606800 Threw 0x9e943ba0 at /HUDSON/workspace/7u-2-build-linux-i586/jdk7u67/1368/hotspot/src/share/vm/prims/jvm.cpp:1244
Event: 4,042 Thread 0xb6606800 Threw 0x9e9648d0 at /HUDSON/workspace/7u-2-build-linux-i586/jdk7u67/1368/hotspot/src/share/vm/prims/jvm.cpp:1244
Event: 4,043 Thread 0xb6606800 Threw 0x9e97aad0 at /HUDSON/workspace/7u-2-build-linux-i586/jdk7u67/1368/hotspot/src/share/vm/prims/jvm.cpp:1244
Event: 4,043 Thread 0xb6606800 Threw 0x9e97f110 at /HUDSON/workspace/7u-2-build-linux-i586/jdk7u67/1368/hotspot/src/share/vm/prims/jvm.cpp:1244
Event: 4,043 Thread 0xb6606800 Threw 0x9e991090 at /HUDSON/workspace/7u-2-build-linux-i586/jdk7u67/1368/hotspot/src/share/vm/prims/jvm.cpp:1244

Events (10 events):
Event: 4,088 Executing VM operation: ParallelGCFailedAllocation
Event: 4,093 Executing VM operation: ParallelGCFailedAllocation done
Event: 4,279 Executing VM operation: ParallelGCFailedAllocation
Event: 4,282 Executing VM operation: ParallelGCFailedAllocation done
Event: 4,500 Executing VM operation: ParallelGCFailedAllocation
Event: 4,504 Executing VM operation: ParallelGCFailedAllocation done
Event: 4,712 Executing VM operation: ParallelGCFailedAllocation
Event: 4,716 Executing VM operation: ParallelGCFailedAllocation done
Event: 5,168 Executing VM operation: ParallelGCFailedAllocation
Event: 5,173 Executing VM operation: ParallelGCFailedAllocation done


Dynamic libraries:
08048000-08049000 r-xp 00000000 08:04 21889925   /home/07721825741/Documentos/Trabalho/Aplicativos/Java/jdk1.7.0_67/jre/bin/java
08049000-0804a000 rw-p 00000000 08:04 21889925   /home/07721825741/Documentos/Trabalho/Aplicativos/Java/jdk1.7.0_67/jre/bin/java
085fc000-08693000 rw-p 00000000 00:00 0          [heap]
67e00000-67eff000 rw-p 00000000 00:00 0 
67eff000-67f00000 ---p 00000000 00:00 0 
67f00000-68000000 rw-p 00000000 00:00 0 
68000000-680e3000 rw-p 00000000 00:00 0 
680e3000-68100000 ---p 00000000 00:00 0 
68105000-68165000 rw-s 00000000 00:04 70058142   /SYSV00000000 (deleted)
68165000-681c5000 rw-s 00000000 00:04 70025371   /SYSV00000000 (deleted)
681db000-681f0000 r-xp 00000000 08:04 26084582   /home/07721825741/Documentos/Trabalho/Aplicativos/Java/jdk1.7.0_67/jre/lib/i386/libnet.so
681f0000-681f1000 rw-p 00014000 08:04 26084582   /home/07721825741/Documentos/Trabalho/Aplicativos/Java/jdk1.7.0_67/jre/lib/i386/libnet.so
681f1000-681ff000 r-xp 00000000 08:04 26084549   /home/07721825741/Documentos/Trabalho/Aplicativos/Java/jdk1.7.0_67/jre/lib/i386/libnio.so
681ff000-68200000 rw-p 0000e000 08:04 26084549   /home/07721825741/Documentos/Trabalho/Aplicativos/Java/jdk1.7.0_67/jre/lib/i386/libnio.so
68200000-68247000 rw-p 00000000 00:00 0 
68247000-68248000 rw-p 00000000 00:00 0 
68248000-682db000 rw-p 00000000 00:00 0 
682db000-68300000 ---p 00000000 00:00 0 
68307000-6830b000 r-xp 00000000 08:05 1053671    /usr/lib/i386-linux-gnu/gdk-pixbuf-2.0/2.10.0/loaders/libpixbufloader-png.so
6830b000-6830c000 r--p 00003000 08:05 1053671    /usr/lib/i386-linux-gnu/gdk-pixbuf-2.0/2.10.0/loaders/libpixbufloader-png.so
6830c000-6830d000 rw-p 00004000 08:05 1053671    /usr/lib/i386-linux-gnu/gdk-pixbuf-2.0/2.10.0/loaders/libpixbufloader-png.so
6830d000-68313000 r--p 00000000 08:05 1458214    /usr/share/locale-langpack/pt/LC_MESSAGES/gdk-pixbuf.mo
68313000-68319000 r--p 00000000 08:05 1458588    /usr/share/locale-langpack/pt_BR/LC_MESSAGES/gdk-pixbuf.mo
68319000-6831c000 r-xp 00000000 08:05 1053670    /usr/lib/i386-linux-gnu/gdk-pixbuf-2.0/2.10.0/loaders/libpixbufloader-ico.so
6831c000-6831d000 r--p 00002000 08:05 1053670    /usr/lib/i386-linux-gnu/gdk-pixbuf-2.0/2.10.0/loaders/libpixbufloader-ico.so
6831d000-6831e000 rw-p 00003000 08:05 1053670    /usr/lib/i386-linux-gnu/gdk-pixbuf-2.0/2.10.0/loaders/libpixbufloader-ico.so
6831e000-6833b000 r--s 00000000 08:05 1320545    /usr/share/mime/mime.cache
6833c000-68359000 r--p 00000000 08:05 134621     /usr/share/fonts/truetype/droid/DroidSansMono.ttf
68359000-68399000 r--p 00000000 08:04 18751483   /home/07721825741/.fonts/WLM-dialog
68399000-6839c000 r-xp 00000000 08:05 1050246    /usr/lib/i386-linux-gnu/gconv/UTF-16.so
6839c000-6839d000 r--p 00002000 08:05 1050246    /usr/lib/i386-linux-gnu/gconv/UTF-16.so
6839d000-6839e000 rw-p 00003000 08:05 1050246    /usr/lib/i386-linux-gnu/gconv/UTF-16.so
6839e000-683a0000 r-xp 00000000 08:05 1058124    /usr/lib/i386-linux-gnu/pango/1.6.0/modules/pango-basic-fc.so
683a0000-683a1000 r--p 00001000 08:05 1058124    /usr/lib/i386-linux-gnu/pango/1.6.0/modules/pango-basic-fc.so
683a1000-683a2000 rw-p 00002000 08:05 1058124    /usr/lib/i386-linux-gnu/pango/1.6.0/modules/pango-basic-fc.so
683a2000-683b9000 r--p 00000000 08:05 1458604    /usr/share/locale-langpack/pt_BR/LC_MESSAGES/glib20.mo
683b9000-683e8000 r--p 00000000 08:05 134616     /usr/share/fonts/truetype/droid/DroidSans.ttf
683e8000-683e9000 r--s 00000000 08:05 1462726    /var/cache/fontconfig/c05880de57d1f5e948fdfacc138775d9-le32d4.cache-3
683e9000-683ef000 r--s 00000000 08:05 1462721    /var/cache/fontconfig/945677eb7aeaf62f1d50efc3fb3ec7d8-le32d4.cache-3
683ef000-683f1000 r--s 00000000 08:05 1462722    /var/cache/fontconfig/99e8ed0e538f840c565b6ed5dad60d56-le32d4.cache-3
683f1000-683f4000 r--s 00000000 08:05 1462706    /var/cache/fontconfig/2cd17615ca594fa2959ae173292e504c-le32d4.cache-3
683f4000-683f5000 r--s 00000000 08:05 1462734    /var/cache/fontconfig/e7071f4a29fa870f4323321c154eba04-le32d4.cache-3
683f5000-683f6000 r--s 00000000 08:05 1462703    /var/cache/fontconfig/0d8c3b2ac0904cb8a57a757ad11a4a08-le32d4.cache-3
683f6000-683fa000 r--s 00000000 08:05 1462723    /var/cache/fontconfig/a755afe4a08bf5b97852ceb7400b47bc-le32d4.cache-3
683fa000-68401000 r--s 00000000 08:05 1462717    /var/cache/fontconfig/6d41288fd70b0be22e8c3a91e032eec0-le32d4.cache-3
68401000-6840c000 r--s 00000000 08:05 1462702    /var/cache/fontconfig/04aabc0a78ac019cf9454389977116d2-le32d4.cache-3
6840c000-6840f000 r--s 00000000 08:05 1462710    /var/cache/fontconfig/385c0604a188198f04d133e54aba7fe7-le32d4.cache-3
6840f000-68410000 r--s 00000000 08:05 1462711    /var/cache/fontconfig/4794a0821666d79190d59a36cb4f44b5-le32d4.cache-3
68410000-68413000 r--s 00000000 08:05 1462720    /var/cache/fontconfig/8801497958630a81b71ace7c5f9b32a8-le32d4.cache-3
68413000-68436000 r--s 00000000 08:05 1462923    /var/cache/fontconfig/365b55f210c0a22e9a19e35191240f32-le32d4.cache-3
68436000-6843a000 r--s 00000000 08:05 1462707    /var/cache/fontconfig/3047814df9a2f067bd2d96a2b9c36e5a-le32d4.cache-3
6843a000-68447000 r--s 00000000 08:05 1462729    /var/cache/fontconfig/d52a8644073d54c13679302ca1180695-le32d4.cache-3
68447000-68502000 rw-p 00000000 00:00 0 
68502000-6852b000 r--p 00000000 08:05 1458267    /usr/share/locale-langpack/pt/LC_MESSAGES/gtk20-properties.mo
6852b000-68531000 r-xp 00000000 08:05 1056962    /usr/lib/i386-linux-gnu/libogg.so.0.7.1
68531000-68532000 r--p 00005000 08:05 1056962    /usr/lib/i386-linux-gnu/libogg.so.0.7.1
68532000-68533000 rw-p 00006000 08:05 1056962    /usr/lib/i386-linux-gnu/libogg.so.0.7.1
68533000-6855c000 r-xp 00000000 08:05 1057145    /usr/lib/i386-linux-gnu/libvorbis.so.0.4.5
6855c000-6855d000 r--p 00028000 08:05 1057145    /usr/lib/i386-linux-gnu/libvorbis.so.0.4.5
6855d000-6855e000 rw-p 00029000 08:05 1057145    /usr/lib/i386-linux-gnu/libvorbis.so.0.4.5
6855e000-68566000 r-xp 00000000 08:05 1056908    /usr/lib/i386-linux-gnu/libltdl.so.7.3.0
68566000-68567000 r--p 00008000 08:05 1056908    /usr/lib/i386-linux-gnu/libltdl.so.7.3.0
68567000-68568000 rw-p 00009000 08:05 1056908    /usr/lib/i386-linux-gnu/libltdl.so.7.3.0
68568000-68579000 r-xp 00000000 08:05 1057095    /usr/lib/i386-linux-gnu/libtdb.so.1.2.9
68579000-6857a000 r--p 00010000 08:05 1057095    /usr/lib/i386-linux-gnu/libtdb.so.1.2.9
6857a000-6857b000 rw-p 00011000 08:05 1057095    /usr/lib/i386-linux-gnu/libtdb.so.1.2.9
6857b000-6858a000 r-xp 00000000 08:05 1056613    /usr/lib/i386-linux-gnu/libcanberra.so.0.2.5
6858a000-6858b000 r--p 0000e000 08:05 1056613    /usr/lib/i386-linux-gnu/libcanberra.so.0.2.5
6858b000-6858c000 rw-p 0000f000 08:05 1056613    /usr/lib/i386-linux-gnu/libcanberra.so.0.2.5
6858c000-68590000 r-xp 00000000 08:05 1056609    /usr/lib/i386-linux-gnu/libcanberra-gtk.so.0.1.8
68590000-68591000 r--p 00003000 08:05 1056609    /usr/lib/i386-linux-gnu/libcanberra-gtk.so.0.1.8
68591000-68592000 rw-p 00004000 08:05 1056609    /usr/lib/i386-linux-gnu/libcanberra-gtk.so.0.1.8
68592000-68596000 r--s 00000000 08:05 1462724    /var/cache/fontconfig/b47c4e1ecd0709278f4910c18777a504-le32d4.cache-3
68596000-6859a000 r--s 00000000 08:05 1452762    /var/cache/fontconfig/3f7329c5293ffd510edef78f73874cfd-le32d4.cache-3
6859a000-6859b000 r--s 00000000 08:05 1452532    /var/cache/fontconfig/a42b8c35fef9609558a74236fe17dd82-le32d4.cache-3
6859b000-685a9000 r--s 00000000 08:05 1463570    /var/cache/fontconfig/e13b20fdb08344e0e664864cc2ede53d-le32d4.cache-3
685a9000-685de000 r-xp 00000000 08:05 1057861    /usr/lib/i386-linux-gnu/gtk-2.0/2.10.0/engines/libmurrine.so
685de000-685df000 r--p 00034000 08:05 1057861    /usr/lib/i386-linux-gnu/gtk-2.0/2.10.0/engines/libmurrine.so
685df000-685e0000 rw-p 00035000 08:05 1057861    /usr/lib/i386-linux-gnu/gtk-2.0/2.10.0/engines/libmurrine.so
685e0000-68609000 r--p 00000000 08:05 1458643    /usr/share/locale-langpack/pt_BR/LC_MESSAGES/gtk20-properties.mo
68609000-68622000 r--p 00000000 08:05 1458318    /usr/share/locale-langpack/pt/LC_MESSAGES/libc.mo
68622000-68644000 r--p 00000000 08:05 1458698    /usr/share/locale-langpack/pt_BR/LC_MESSAGES/libc.mo
68644000-6864b000 r--s 00000000 08:05 1050356    /usr/lib/i386-linux-gnu/gconv/gconv-modules.cache
6864b000-6865a000 r--p 00000000 08:05 1458644    /usr/share/locale-langpack/pt_BR/LC_MESSAGES/gtk20.mo
6865a000-686b2000 r-xp 00000000 08:05 1056515    /usr/lib/i386-linux-gnu/libXt.so.6.0.0
686b2000-686b3000 r--p 00057000 08:05 1056515    /usr/lib/i386-linux-gnu/libXt.so.6.0.0
686b3000-686b6000 rw-p 00058000 08:05 1056515    /usr/lib/i386-linux-gnu/libXt.so.6.0.0
686b6000-686bb000 r-xp 00000000 08:05 1056489    /usr/lib/i386-linux-gnu/libXdmcp.so.6.0.0
686bb000-686bc000 r--p 00004000 08:05 1056489    /usr/lib/i386-linux-gnu/libXdmcp.so.6.0.0
686bc000-686bd000 rw-p 00005000 08:05 1056489    /usr/lib/i386-linux-gnu/libXdmcp.so.6.0.0
686bd000-686bf000 r-xp 00000000 08:05 1056478    /usr/lib/i386-linux-gnu/libXau.so.6.0.0
686bf000-686c0000 r--p 00001000 08:05 1056478    /usr/lib/i386-linux-gnu/libXau.so.6.0.0
686c0000-686c1000 rw-p 00002000 08:05 1056478    /usr/lib/i386-linux-gnu/libXau.so.6.0.0
686c1000-686d4000 r-xp 00000000 08:05 790562     /lib/i386-linux-gnu/libresolv-2.15.so
686d4000-686d5000 ---p 00013000 08:05 790562     /lib/i386-linux-gnu/libresolv-2.15.so
686d5000-686d6000 r--p 00013000 08:05 790562     /lib/i386-linux-gnu/libresolv-2.15.so
686d6000-686d7000 rw-p 00014000 08:05 790562     /lib/i386-linux-gnu/libresolv-2.15.so
686d7000-686d9000 rw-p 00000000 00:00 0 
686d9000-686f6000 r-xp 00000000 08:05 787470     /lib/i386-linux-gnu/libselinux.so.1
686f6000-686f7000 r--p 0001c000 08:05 787470     /lib/i386-linux-gnu/libselinux.so.1
686f7000-686f8000 rw-p 0001d000 08:05 787470     /lib/i386-linux-gnu/libselinux.so.1
686f8000-6871e000 r-xp 00000000 08:05 787396     /lib/i386-linux-gnu/libexpat.so.1.5.2
6871e000-6871f000 ---p 00026000 08:05 787396     /lib/i386-linux-gnu/libexpat.so.1.5.2
6871f000-68721000 r--p 00026000 08:05 787396     /lib/i386-linux-gnu/libexpat.so.1.5.2
68721000-68722000 rw-p 00028000 08:05 787396     /lib/i386-linux-gnu/libexpat.so.1.5.2
68722000-68726000 r-xp 00000000 08:05 797511     /lib/i386-linux-gnu/libuuid.so.1.3.0
68726000-68727000 r--p 00003000 08:05 797511     /lib/i386-linux-gnu/libuuid.so.1.3.0
68727000-68728000 rw-p 00004000 08:05 797511     /lib/i386-linux-gnu/libuuid.so.1.3.0
68728000-6873f000 r-xp 00000000 08:05 1056553    /usr/lib/i386-linux-gnu/libaudio.so.2.4
6873f000-68740000 r--p 00016000 08:05 1056553    /usr/lib/i386-linux-gnu/libaudio.so.2.4
68740000-68741000 rw-p 00017000 08:05 1056553    /usr/lib/i386-linux-gnu/libaudio.so.2.4
68741000-6877b000 r-xp 00000000 08:05 787453     /lib/i386-linux-gnu/libpcre.so.3.12.1
6877b000-6877c000 r--p 00039000 08:05 787453     /lib/i386-linux-gnu/libpcre.so.3.12.1
6877c000-6877d000 rw-p 0003a000 08:05 787453     /lib/i386-linux-gnu/libpcre.so.3.12.1
6877d000-68782000 r-xp 00000000 08:05 1056696    /usr/lib/i386-linux-gnu/libffi.so.6.0.0
68782000-68783000 r--p 00004000 08:05 1056696    /usr/lib/i386-linux-gnu/libffi.so.6.0.0
68783000-68784000 rw-p 00005000 08:05 1056696    /usr/lib/i386-linux-gnu/libffi.so.6.0.0
68784000-687a3000 r-xp 00000000 08:05 1057221    /usr/lib/i386-linux-gnu/libxcb.so.1.1.0
687a3000-687a4000 r--p 0001f000 08:05 1057221    /usr/lib/i386-linux-gnu/libxcb.so.1.1.0
687a4000-687a5000 rw-p 00020000 08:05 1057221    /usr/lib/i386-linux-gnu/libxcb.so.1.1.0
687a5000-687ad000 r-xp 00000000 08:05 1057211    /usr/lib/i386-linux-gnu/libxcb-render.so.0.0.0
687ad000-687ae000 r--p 00008000 08:05 1057211    /usr/lib/i386-linux-gnu/libxcb-render.so.0.0.0
687ae000-687af000 rw-p 00009000 08:05 1057211    /usr/lib/i386-linux-gnu/libxcb-render.so.0.0.0
687af000-687b1000 r-xp 00000000 08:05 1057215    /usr/lib/i386-linux-gnu/libxcb-shm.so.0.0.0
687b1000-687b2000 r--p 00001000 08:05 1057215    /usr/lib/i386-linux-gnu/libxcb-shm.so.0.0.0
687b2000-687b3000 rw-p 00002000 08:05 1057215    /usr/lib/i386-linux-gnu/libxcb-shm.so.0.0.0
687b3000-68848000 r-xp 00000000 08:05 1056998    /usr/lib/i386-linux-gnu/libpixman-1.so.0.30.2
68848000-6884d000 r--p 00095000 08:05 1056998    /usr/lib/i386-linux-gnu/libpixman-1.so.0.30.2
6884d000-6884e000 rw-p 0009a000 08:05 1056998    /usr/lib/i386-linux-gnu/libpixman-1.so.0.30.2
6884e000-68850000 r-xp 00000000 08:05 1056487    /usr/lib/i386-linux-gnu/libXdamage.so.1.1.0
68850000-68851000 r--p 00001000 08:05 1056487    /usr/lib/i386-linux-gnu/libXdamage.so.1.1.0
68851000-68852000 rw-p 00002000 08:05 1056487    /usr/lib/i386-linux-gnu/libXdamage.so.1.1.0
68852000-6887c000 r-xp 00000000 08:05 1056982    /usr/lib/i386-linux-gnu/libpangoft2-1.0.so.0.3000.0
6887c000-6887d000 r--p 00029000 08:05 1056982    /usr/lib/i386-linux-gnu/libpangoft2-1.0.so.0.3000.0
6887d000-6887e000 rw-p 0002a000 08:05 1056982    /usr/lib/i386-linux-gnu/libpangoft2-1.0.so.0.3000.0
6887e000-689d1000 r-xp 00000000 08:05 1056743    /usr/lib/i386-linux-gnu/libgio-2.0.so.0.3200.4
689d1000-689d3000 r--p 00153000 08:05 1056743    /usr/lib/i386-linux-gnu/libgio-2.0.so.0.3200.4
689d3000-689d4000 rw-p 00155000 08:05 1056743    /usr/lib/i386-linux-gnu/libgio-2.0.so.0.3200.4
689d4000-689d5000 rw-p 00000000 00:00 0 
689d5000-68b05000 r-xp 00000000 08:05 1056476    /usr/lib/i386-linux-gnu/libX11.so.6.3.0
68b05000-68b06000 r--p 0012f000 08:05 1056476    /usr/lib/i386-linux-gnu/libX11.so.6.3.0
68b06000-68b08000 rw-p 00130000 08:05 1056476    /usr/lib/i386-linux-gnu/libX11.so.6.3.0
68b08000-68b09000 rw-p 00000000 00:00 0 
68b09000-68b1d000 r-xp 00000000 08:05 787493     /lib/i386-linux-gnu/libz.so.1.2.3.4
68b1d000-68b1e000 r--p 00013000 08:05 787493     /lib/i386-linux-gnu/libz.so.1.2.3.4
68b1e000-68b1f000 rw-p 00014000 08:05 787493     /lib/i386-linux-gnu/libz.so.1.2.3.4
68b1f000-68df3000 r-xp 00000000 08:05 1056452    /usr/lib/i386-linux-gnu/libQtCore.so.4.8.1
68df3000-68dfa000 r--p 002d4000 08:05 1056452    /usr/lib/i386-linux-gnu/libQtCore.so.4.8.1
68dfa000-68dfb000 rw-p 002db000 08:05 1056452    /usr/lib/i386-linux-gnu/libQtCore.so.4.8.1
68dfb000-68dfc000 rw-p 00000000 00:00 0 
68dfc000-68e0c000 r-xp 00000000 08:05 1056491    /usr/lib/i386-linux-gnu/libXext.so.6.4.0
68e0c000-68e0d000 r--p 0000f000 08:05 1056491    /usr/lib/i386-linux-gnu/libXext.so.6.4.0
68e0d000-68e0e000 rw-p 00010000 08:05 1056491    /usr/lib/i386-linux-gnu/libXext.so.6.4.0
68e0e000-68e40000 r-xp 00000000 08:05 1056698    /usr/lib/i386-linux-gnu/libfontconfig.so.1.4.4
68e40000-68e41000 r--p 00032000 08:05 1056698    /usr/lib/i386-linux-gnu/libfontconfig.so.1.4.4
68e41000-68e42000 rw-p 00033000 08:05 1056698    /usr/lib/i386-linux-gnu/libfontconfig.so.1.4.4
68e42000-68ed7000 r-xp 00000000 08:05 1056706    /usr/lib/i386-linux-gnu/libfreetype.so.6.8.0
68ed7000-68edb000 r--p 00094000 08:05 1056706    /usr/lib/i386-linux-gnu/libfreetype.so.6.8.0
68edb000-68edc000 rw-p 00098000 08:05 1056706    /usr/lib/i386-linux-gnu/libfreetype.so.6.8.0
68edc000-68ee5000 r-xp 00000000 08:05 1056485    /usr/lib/i386-linux-gnu/libXcursor.so.1.0.2
68ee5000-68ee6000 r--p 00008000 08:05 1056485    /usr/lib/i386-linux-gnu/libXcursor.so.1.0.2
68ee6000-68ee7000 rw-p 00009000 08:05 1056485    /usr/lib/i386-linux-gnu/libXcursor.so.1.0.2
68ee7000-68ef6000 r-xp 00000000 08:05 1056497    /usr/lib/i386-linux-gnu/libXi.so.6.1.0
68ef6000-68ef7000 r--p 0000e000 08:05 1056497    /usr/lib/i386-linux-gnu/libXi.so.6.1.0
68ef7000-68ef8000 rw-p 0000f000 08:05 1056497    /usr/lib/i386-linux-gnu/libXi.so.6.1.0
68ef8000-68f0e000 r-xp 00000000 08:05 1056417    /usr/lib/i386-linux-gnu/libICE.so.6.3.0
68f0e000-68f0f000 r--p 00015000 08:05 1056417    /usr/lib/i386-linux-gnu/libICE.so.6.3.0
68f0f000-68f10000 rw-p 00016000 08:05 1056417    /usr/lib/i386-linux-gnu/libICE.so.6.3.0
68f10000-68f12000 rw-p 00000000 00:00 0 
68f12000-68f3a000 r-xp 00000000 08:05 787457     /lib/i386-linux-gnu/libpng12.so.0.46.0
68f3a000-68f3b000 r--p 00027000 08:05 787457     /lib/i386-linux-gnu/libpng12.so.0.46.0
68f3b000-68f3c000 rw-p 00028000 08:05 787457     /lib/i386-linux-gnu/libpng12.so.0.46.0
68f3c000-699e6000 r-xp 00000000 08:05 1056436    /usr/lib/i386-linux-gnu/libQtGui.so.4.8.1
699e6000-69a08000 r--p 00aa9000 08:05 1056436    /usr/lib/i386-linux-gnu/libQtGui.so.4.8.1
69a08000-69a0c000 rw-p 00acb000 08:05 1056436    /usr/lib/i386-linux-gnu/libQtGui.so.4.8.1
69a0c000-69a0f000 rw-p 00000000 00:00 0 
69a0f000-69b06000 r-xp 00000000 08:05 787403     /lib/i386-linux-gnu/libglib-2.0.so.0.3200.4
69b06000-69b07000 r--p 000f6000 08:05 787403     /lib/i386-linux-gnu/libglib-2.0.so.0.3200.4
69b07000-69b08000 rw-p 000f7000 08:05 787403     /lib/i386-linux-gnu/libglib-2.0.so.0.3200.4
69b08000-69b55000 r-xp 00000000 08:05 1056777    /usr/lib/i386-linux-gnu/libgobject-2.0.so.0.3200.4
69b55000-69b56000 r--p 0004c000 08:05 1056777    /usr/lib/i386-linux-gnu/libgobject-2.0.so.0.3200.4
69b56000-69b57000 rw-p 0004d000 08:05 1056777    /usr/lib/i386-linux-gnu/libgobject-2.0.so.0.3200.4
69b57000-69c1e000 r-xp 00000000 08:05 1056605    /usr/lib/i386-linux-gnu/libcairo.so.2.11000.2
69c1e000-69c1f000 r--p 000c7000 08:05 1056605    /usr/lib/i386-linux-gnu/libcairo.so.2.11000.2
69c1f000-69c20000 rw-p 000c8000 08:05 1056605    /usr/lib/i386-linux-gnu/libcairo.so.2.11000.2
69c20000-69c22000 rw-p 00000000 00:00 0 
69c22000-69c69000 r-xp 00000000 08:05 1056978    /usr/lib/i386-linux-gnu/libpango-1.0.so.0.3000.0
69c69000-69c6a000 ---p 00047000 08:05 1056978    /usr/lib/i386-linux-gnu/libpango-1.0.so.0.3000.0
69c6a000-69c6b000 r--p 00047000 08:05 1056978    /usr/lib/i386-linux-gnu/libpango-1.0.so.0.3000.0
69c6b000-69c6c000 rw-p 00048000 08:05 1056978    /usr/lib/i386-linux-gnu/libpango-1.0.so.0.3000.0
69c6c000-69c8b000 r-xp 00000000 08:05 1049603    /usr/lib/i386-linux-gnu/libgdk_pixbuf-2.0.so.0.2600.1
69c8b000-69c8c000 r--p 0001e000 08:05 1049603    /usr/lib/i386-linux-gnu/libgdk_pixbuf-2.0.so.0.2600.1
69c8c000-69c8d000 rw-p 0001f000 08:05 1049603    /usr/lib/i386-linux-gnu/libgdk_pixbuf-2.0.so.0.2600.1
69c8d000-69d38000 r-xp 00000000 08:05 1057884    /usr/lib/i386-linux-gnu/libgdk-x11-2.0.so.0.2400.10
69d38000-69d39000 ---p 000ab000 08:05 1057884    /usr/lib/i386-linux-gnu/libgdk-x11-2.0.so.0.2400.10
69d39000-69d3b000 r--p 000ab000 08:05 1057884    /usr/lib/i386-linux-gnu/libgdk-x11-2.0.so.0.2400.10
69d3b000-69d3c000 rw-p 000ad000 08:05 1057884    /usr/lib/i386-linux-gnu/libgdk-x11-2.0.so.0.2400.10
69d3c000-6a19c000 r-xp 00000000 08:05 1055669    /usr/lib/i386-linux-gnu/libgtk-x11-2.0.so.0.2400.10
6a19c000-6a1a0000 r--p 00460000 08:05 1055669    /usr/lib/i386-linux-gnu/libgtk-x11-2.0.so.0.2400.10
6a1a0000-6a1a2000 rw-p 00464000 08:05 1055669    /usr/lib/i386-linux-gnu/libgtk-x11-2.0.so.0.2400.10
6a1a2000-6a1a4000 rw-p 00000000 00:00 0 
6a1a4000-6a2fe000 r-xp 00000000 08:05 786559     /lib/libSACUI.so.8.3.34
6a2fe000-6a300000 rw-p 00159000 08:05 786559     /lib/libSACUI.so.8.3.34
6a300000-6a3ff000 rw-p 00000000 00:00 0 
6a3ff000-6a400000 ---p 00000000 00:00 0 
6a401000-6a405000 r-xp 00000000 08:05 1056493    /usr/lib/i386-linux-gnu/libXfixes.so.3.1.0
6a405000-6a406000 r--p 00004000 08:05 1056493    /usr/lib/i386-linux-gnu/libXfixes.so.3.1.0
6a406000-6a407000 rw-p 00005000 08:05 1056493    /usr/lib/i386-linux-gnu/libXfixes.so.3.1.0
6a407000-6a40e000 r-xp 00000000 08:05 1056509    /usr/lib/i386-linux-gnu/libXrandr.so.2.2.0
6a40e000-6a40f000 r--p 00006000 08:05 1056509    /usr/lib/i386-linux-gnu/libXrandr.so.2.2.0
6a40f000-6a410000 rw-p 00007000 08:05 1056509    /usr/lib/i386-linux-gnu/libXrandr.so.2.2.0
6a410000-6a42d000 r-xp 00000000 08:05 1056547    /usr/lib/i386-linux-gnu/libatk-1.0.so.0.20409.1
6a42d000-6a42f000 r--p 0001c000 08:05 1056547    /usr/lib/i386-linux-gnu/libatk-1.0.so.0.20409.1
6a42f000-6a430000 rw-p 0001e000 08:05 1056547    /usr/lib/i386-linux-gnu/libatk-1.0.so.0.20409.1
6a430000-6a463000 r-xp 00000000 08:04 26084554   /home/07721825741/Documentos/Trabalho/Aplicativos/Java/jdk1.7.0_67/jre/lib/i386/libsunec.so
6a463000-6a467000 rw-p 00032000 08:04 26084554   /home/07721825741/Documentos/Trabalho/Aplicativos/Java/jdk1.7.0_67/jre/lib/i386/libsunec.so
6a467000-6a46b000 rw-p 00000000 00:00 0 
6a46b000-6a46c000 ---p 00000000 00:00 0 
6a46c000-6ac6c000 rwxp 00000000 00:00 0 
6ac6c000-6ac6d000 ---p 00000000 00:00 0 
6ac6d000-6b46d000 rwxp 00000000 00:00 0 
6b46d000-6b489000 r-xp 00000000 08:05 787399     /lib/i386-linux-gnu/libgcc_s.so.1
6b489000-6b48a000 r--p 0001b000 08:05 787399     /lib/i386-linux-gnu/libgcc_s.so.1
6b48a000-6b48b000 rw-p 0001c000 08:05 787399     /lib/i386-linux-gnu/libgcc_s.so.1
6b48b000-6b5f1000 r-xp 00000000 08:05 787567     /lib/libeToken.so.8.3.34
6b5f1000-6b5f8000 rw-p 00166000 08:05 787567     /lib/libeToken.so.8.3.34
6b5f8000-6b600000 rw-p 00000000 00:00 0 
6b600000-6b6fd000 rw-p 00000000 00:00 0 
6b6fd000-6b700000 ---p 00000000 00:00 0 
6b700000-6b702000 r-xp 00000000 08:05 1056483    /usr/lib/i386-linux-gnu/libXcomposite.so.1.0.0
6b702000-6b703000 r--p 00001000 08:05 1056483    /usr/lib/i386-linux-gnu/libXcomposite.so.1.0.0
6b703000-6b704000 rw-p 00002000 08:05 1056483    /usr/lib/i386-linux-gnu/libXcomposite.so.1.0.0
6b704000-6b70c000 r-xp 00000000 08:05 1056511    /usr/lib/i386-linux-gnu/libXrender.so.1.3.0
6b70c000-6b70d000 r--p 00007000 08:05 1056511    /usr/lib/i386-linux-gnu/libXrender.so.1.3.0
6b70d000-6b70e000 rw-p 00008000 08:05 1056511    /usr/lib/i386-linux-gnu/libXrender.so.1.3.0
6b70e000-6b719000 r-xp 00000000 08:05 1056980    /usr/lib/i386-linux-gnu/libpangocairo-1.0.so.0.3000.0
6b719000-6b71a000 r--p 0000a000 08:05 1056980    /usr/lib/i386-linux-gnu/libpangocairo-1.0.so.0.3000.0
6b71a000-6b71b000 rw-p 0000b000 08:05 1056980    /usr/lib/i386-linux-gnu/libpangocairo-1.0.so.0.3000.0
6b71b000-6b7f3000 r-xp 00000000 08:05 1057085    /usr/lib/i386-linux-gnu/libstdc++.so.6.0.16
6b7f3000-6b7f4000 ---p 000d8000 08:05 1057085    /usr/lib/i386-linux-gnu/libstdc++.so.6.0.16
6b7f4000-6b7f8000 r--p 000d8000 08:05 1057085    /usr/lib/i386-linux-gnu/libstdc++.so.6.0.16
6b7f8000-6b7f9000 rw-p 000dc000 08:05 1057085    /usr/lib/i386-linux-gnu/libstdc++.so.6.0.16
6b7f9000-6b800000 rw-p 00000000 00:00 0 
6b800000-6b900000 rw-p 00000000 00:00 0 
6b900000-6b947000 r-xp 00000000 08:05 786576     /lib/i386-linux-gnu/libdbus-1.so.3.5.8
6b947000-6b948000 ---p 00047000 08:05 786576     /lib/i386-linux-gnu/libdbus-1.so.3.5.8
6b948000-6b949000 r--p 00047000 08:05 786576     /lib/i386-linux-gnu/libdbus-1.so.3.5.8
6b949000-6b94a000 rw-p 00048000 08:05 786576     /lib/i386-linux-gnu/libdbus-1.so.3.5.8
6b94a000-6b98a000 r--s 00277000 08:04 22417565   /home/07721825741/.m2/repository/org/bouncycastle/bcprov-jdk15on/1.51/bcprov-jdk15on-1.51.jar
6b98a000-6b98b000 ---p 00000000 00:00 0 
6b98b000-6ba5c000 rwxp 00000000 00:00 0 
6ba5c000-6ba5d000 ---p 00000000 00:00 0 
6ba5d000-6badd000 rwxp 00000000 00:00 0 
6badd000-6bade000 ---p 00000000 00:00 0 
6bade000-6bbaf000 rwxp 00000000 00:00 0 
6bbaf000-6bdaf000 r--p 00000000 08:05 1058835    /usr/lib/locale/locale-archive
6bdaf000-6be00000 rwxp 00000000 00:00 0 
6be00000-6beff000 rw-p 00000000 00:00 0 
6beff000-6bf00000 ---p 00000000 00:00 0 
6bf00000-6bf21000 rw-p 00000000 00:00 0 
6bf21000-6c000000 ---p 00000000 00:00 0 
6c000000-6c100000 rw-p 00000000 00:00 0 
6c103000-6c10a000 r-xp 00000000 08:05 1056468    /usr/lib/i386-linux-gnu/libSM.so.6.0.1
6c10a000-6c10b000 r--p 00006000 08:05 1056468    /usr/lib/i386-linux-gnu/libSM.so.6.0.1
6c10b000-6c10c000 rw-p 00007000 08:05 1056468    /usr/lib/i386-linux-gnu/libSM.so.6.0.1
6c10c000-6c11d000 r-xp 00000000 08:05 1053518    /usr/lib/libhal.so.1.0.0
6c11d000-6c11e000 r--p 00010000 08:05 1053518    /usr/lib/libhal.so.1.0.0
6c11e000-6c11f000 rw-p 00011000 08:05 1053518    /usr/lib/libhal.so.1.0.0
6c11f000-6c129000 r-xp 00000000 08:05 787455     /lib/i386-linux-gnu/libpcsclite.so.1.0.0
6c129000-6c12a000 r--p 00009000 08:05 787455     /lib/i386-linux-gnu/libpcsclite.so.1.0.0
6c12a000-6c12b000 rw-p 0000a000 08:05 787455     /lib/i386-linux-gnu/libpcsclite.so.1.0.0
6c12b000-6c132000 r-xp 00000000 08:05 787483     /lib/i386-linux-gnu/libusb-0.1.so.4.4.4
6c132000-6c133000 r--p 00006000 08:05 787483     /lib/i386-linux-gnu/libusb-0.1.so.4.4.4
6c133000-6c134000 rw-p 00007000 08:05 787483     /lib/i386-linux-gnu/libusb-0.1.so.4.4.4
6c134000-6c135000 rw-p 00000000 00:00 0 
6c135000-6c136000 ---p 00000000 00:00 0 
6c136000-6c1b6000 rwxp 00000000 00:00 0 
6c1b6000-6c201000 rw-p 00000000 00:00 0 
6c201000-6c3c0000 r--s 039e5000 08:04 22283321   /home/07721825741/Documentos/Trabalho/Aplicativos/Java/jdk1.7.0_67/jre/lib/rt.jar
6c3c0000-6ea00000 rw-p 00000000 00:00 0 
6ea00000-6eaff000 rw-p 00000000 00:00 0 
6eaff000-6eb00000 ---p 00000000 00:00 0 
6eb00000-6eb01000 r--s 00000000 08:05 1462714    /var/cache/fontconfig/56cf4f4769d0f4abc89a4895d7bd3ae1-le32d4.cache-3
6eb01000-6eb02000 r--s 00000000 08:05 1462725    /var/cache/fontconfig/b9d506c9ac06c20b433354fa67a72993-le32d4.cache-3
6eb02000-6eb05000 r-xp 00000000 08:05 1056755    /usr/lib/i386-linux-gnu/libgmodule-2.0.so.0.3200.4
6eb05000-6eb06000 r--p 00002000 08:05 1056755    /usr/lib/i386-linux-gnu/libgmodule-2.0.so.0.3200.4
6eb06000-6eb07000 rw-p 00003000 08:05 1056755    /usr/lib/i386-linux-gnu/libgmodule-2.0.so.0.3200.4
6eb07000-6eb09000 r--s 00000000 08:05 1462732    /var/cache/fontconfig/e49e89034d371f0f9de17aab02136486-le32d4.cache-3
6eb09000-6eb0a000 r--s 00000000 08:05 1462712    /var/cache/fontconfig/4b14b093aebc79c320de5e86ae1d3314-le32d4.cache-3
6eb0a000-6eb0d000 r--s 00000000 08:05 1452761    /var/cache/fontconfig/7ef2298fde41cc6eeb7af42e48b7d293-le32d4.cache-3
6eb0d000-6eb15000 r-xp 00000000 08:05 1057149    /usr/lib/i386-linux-gnu/libvorbisfile.so.3.3.4
6eb15000-6eb16000 r--p 00007000 08:05 1057149    /usr/lib/i386-linux-gnu/libvorbisfile.so.3.3.4
6eb16000-6eb17000 rw-p 00008000 08:05 1057149    /usr/lib/i386-linux-gnu/libvorbisfile.so.3.3.4
6eb17000-6eb1c000 r-xp 00000000 08:05 1057882    /usr/lib/i386-linux-gnu/gtk-2.0/modules/libcanberra-gtk-module.so
6eb1c000-6eb1d000 r--p 00004000 08:05 1057882    /usr/lib/i386-linux-gnu/gtk-2.0/modules/libcanberra-gtk-module.so
6eb1d000-6eb1e000 rw-p 00005000 08:05 1057882    /usr/lib/i386-linux-gnu/gtk-2.0/modules/libcanberra-gtk-module.so
6eb1e000-6eb2d000 r-xp 00000000 08:04 26084551   /home/07721825741/Documentos/Trabalho/Aplicativos/Java/jdk1.7.0_67/jre/lib/i386/libj2pkcs11.so
6eb2d000-6eb2e000 rw-p 0000e000 08:04 26084551   /home/07721825741/Documentos/Trabalho/Aplicativos/Java/jdk1.7.0_67/jre/lib/i386/libj2pkcs11.so
6eb2e000-6eb7f000 rwxp 00000000 00:00 0 
6eb7f000-6eb80000 ---p 00000000 00:00 0 
6eb80000-6ec00000 rwxp 00000000 00:00 0 
6ec00000-6ec21000 rw-p 00000000 00:00 0 
6ec21000-6ed00000 ---p 00000000 00:00 0 
6ed00000-6ed21000 rw-p 00000000 00:00 0 
6ed21000-6ee00000 ---p 00000000 00:00 0 
6ee00000-6ee02000 r-xp 00000000 08:05 1056499    /usr/lib/i386-linux-gnu/libXinerama.so.1.0.0
6ee02000-6ee03000 r--p 00001000 08:05 1056499    /usr/lib/i386-linux-gnu/libXinerama.so.1.0.0
6ee03000-6ee04000 rw-p 00002000 08:05 1056499    /usr/lib/i386-linux-gnu/libXinerama.so.1.0.0
6ee04000-6ee08000 r--s 0002d000 08:04 26084607   /home/07721825741/Documentos/Trabalho/Aplicativos/Java/jdk1.7.0_67/jre/lib/ext/sunjce_provider.jar
6ee08000-6ee0b000 r--s 00037000 08:04 26084602   /home/07721825741/Documentos/Trabalho/Aplicativos/Java/jdk1.7.0_67/jre/lib/ext/sunpkcs11.jar
6ee0b000-6ee0d000 r--s 00019000 08:04 22283390   /home/07721825741/Documentos/Trabalho/Aplicativos/Java/jdk1.7.0_67/jre/lib/jce.jar
6ee0d000-6ee11000 r--s 0008a000 08:04 22283385   /home/07721825741/Documentos/Trabalho/Aplicativos/Java/jdk1.7.0_67/jre/lib/jsse.jar
6ee11000-6ee24000 r--s 001a7000 08:04 22283402   /home/07721825741/Documentos/Trabalho/Aplicativos/Java/jdk1.7.0_67/jre/lib/plugin.jar
6ee24000-6ee7f000 rw-p 00000000 00:00 0 
6ee7f000-6ee80000 ---p 00000000 00:00 0 
6ee80000-6ef00000 rwxp 00000000 00:00 0 
6ef00000-6ef21000 rw-p 00000000 00:00 0 
6ef21000-6f000000 ---p 00000000 00:00 0 
6f000000-6f001000 r--s 00000000 08:05 1451151    /var/cache/fontconfig/8329ac10c9e66ac1d898a82bb7d27b04-le32d4.cache-3
6f001000-6f002000 r--s 00003000 08:04 26084606   /home/07721825741/Documentos/Trabalho/Aplicativos/Java/jdk1.7.0_67/jre/lib/ext/sunec.jar
6f002000-6f005000 r--s 00007000 08:04 22153672   /home/07721825741/.m2/repository/org/apache/maven/surefire/surefire-junit4/2.12.4/surefire-junit4-2.12.4.jar
6f005000-6f00b000 r--s 00034000 08:04 22152225   /home/07721825741/.m2/repository/junit/junit/4.8.1/junit-4.8.1.jar
6f00b000-6f014000 r--s 0006f000 08:04 22282259   /home/07721825741/.m2/repository/log4j/log4j/1.2.17/log4j-1.2.17.jar
6f014000-6f015000 r--s 00002000 08:04 25952396   /home/07721825741/.m2/repository/org/slf4j/slf4j-log4j12/1.6.1/slf4j-log4j12-1.6.1.jar
6f015000-6f017000 r--s 00005000 08:04 22022240   /home/07721825741/.m2/repository/org/slf4j/slf4j-api/1.6.1/slf4j-api-1.6.1.jar
6f017000-6f027000 r--s 00084000 08:04 22549009   /home/07721825741/.m2/repository/org/bouncycastle/bcpkix-jdk15on/1.51/bcpkix-jdk15on-1.51.jar
6f027000-6f02a000 r--s 00015000 08:04 23858346   /home/07721825741/.m2/repository/org/bouncycastle/bcmail-jdk15on/1.51/bcmail-jdk15on-1.51.jar
6f02a000-6f02d000 r--s 0000b000 08:04 26083646   /home/07721825741/.m2/repository/br/gov/frameworkdemoiselle/component/demoiselle-certificate-signer/1.0.8-SNAPSHOT/demoiselle-certificate-signer-1.0.8-SNAPSHOT.jar
6f02d000-6f047000 rw-p 00000000 00:00 0 
6f047000-6f048000 ---p 00000000 00:00 0 
6f048000-6f0c8000 rwxp 00000000 00:00 0 
6f0c8000-6f0c9000 ---p 00000000 00:00 0 
6f0c9000-6f149000 rwxp 00000000 00:00 0 
6f149000-6f15f000 rw-p 00000000 00:00 0 
6f15f000-6f29f000 rw-p 00000000 00:00 0 
6f29f000-6f2a7000 rw-p 00000000 00:00 0 
6f2a7000-6f2bf000 rw-p 00000000 00:00 0 
6f2bf000-6f2d5000 rw-p 00000000 00:00 0 
6f2d5000-6f414000 rw-p 00000000 00:00 0 
6f414000-6f43b000 rw-p 00000000 00:00 0 
6f43b000-6f4bf000 rw-p 00000000 00:00 0 
6f4bf000-704c0000 rw-p 00000000 00:00 0 
704c0000-734c0000 rw-p 00000000 00:00 0 
734c0000-75f40000 rw-p 00000000 00:00 0 
75f40000-9df40000 rw-p 00000000 00:00 0 
9df40000-a2c40000 rw-p 00000000 00:00 0 
a2c40000-b34c0000 rw-p 00000000 00:00 0 
b34c0000-b34c2000 r--s 00004000 08:04 23202282   /home/07721825741/.m2/repository/br/gov/frameworkdemoiselle/component/demoiselle-certificate-timestamp/1.0.8-SNAPSHOT/demoiselle-certificate-timestamp-1.0.8-SNAPSHOT.jar
b34c2000-b34c7000 r--s 00027000 08:04 25821395   /home/07721825741/.m2/repository/br/gov/frameworkdemoiselle/component/demoiselle-certificate-policy-engine/1.0.8-SNAPSHOT/demoiselle-certificate-policy-engine-1.0.8-SNAPSHOT.jar
b34c7000-b34d0000 rw-p 00000000 00:00 0 
b34d0000-b3587000 rw-p 00000000 00:00 0 
b3587000-b37c7000 rwxp 00000000 00:00 0 
b37c7000-b6587000 rw-p 00000000 00:00 0 
b6587000-b6600000 r--s 00000000 08:05 1445140    /var/cache/nscd/passwd
b6600000-b66f5000 rw-p 00000000 00:00 0 
b66f5000-b6700000 ---p 00000000 00:00 0 
b6700000-b6702000 r--s 00003000 08:04 26083592   /home/07721825741/.m2/repository/br/gov/frameworkdemoiselle/component/demoiselle-certificate-criptography/1.0.8-SNAPSHOT/demoiselle-certificate-criptography-1.0.8-SNAPSHOT.jar
b6702000-b6704000 r--s 0001c000 08:04 26083629   /home/07721825741/.m2/repository/br/gov/frameworkdemoiselle/component/demoiselle-certificate-ca-icpbrasil/1.0.8-SNAPSHOT/demoiselle-certificate-ca-icpbrasil-1.0.8-SNAPSHOT.jar
b6704000-b6708000 r--s 00015000 08:04 26083547   /home/07721825741/.m2/repository/br/gov/frameworkdemoiselle/component/demoiselle-certificate-core/1.0.8-SNAPSHOT/demoiselle-certificate-core-1.0.8-SNAPSHOT.jar
b6708000-b670c000 r--s 00019000 08:04 22415225   /home/07721825741/.m2/repository/org/apache/maven/surefire/surefire-api/2.12.4/surefire-api-2.12.4.jar
b670c000-b670e000 r--s 00007000 08:04 22415221   /home/07721825741/.m2/repository/org/apache/maven/surefire/surefire-booter/2.12.4/surefire-booter-2.12.4.jar
b670e000-b6716000 rw-p 00000000 00:00 0 
b6716000-b672e000 rw-p 00000000 00:00 0 
b672e000-b6745000 r-xp 00000000 08:04 26084569   /home/07721825741/Documentos/Trabalho/Aplicativos/Java/jdk1.7.0_67/jre/lib/i386/libzip.so
b6745000-b6746000 rw-p 00017000 08:04 26084569   /home/07721825741/Documentos/Trabalho/Aplicativos/Java/jdk1.7.0_67/jre/lib/i386/libzip.so
b6746000-b6769000 r-xp 00000000 08:04 26084539   /home/07721825741/Documentos/Trabalho/Aplicativos/Java/jdk1.7.0_67/jre/lib/i386/libjava.so
b6769000-b676a000 rw-p 00023000 08:04 26084539   /home/07721825741/Documentos/Trabalho/Aplicativos/Java/jdk1.7.0_67/jre/lib/i386/libjava.so
b676a000-b6771000 r-xp 00000000 08:05 787566     /lib/i386-linux-gnu/librt-2.15.so
b6771000-b6772000 r--p 00006000 08:05 787566     /lib/i386-linux-gnu/librt-2.15.so
b6772000-b6773000 rw-p 00007000 08:05 787566     /lib/i386-linux-gnu/librt-2.15.so
b6773000-b6774000 rw-p 00000000 00:00 0 
b6774000-b67c4000 rwxp 00000000 00:00 0 
b67c4000-b67ee000 r-xp 00000000 08:05 790564     /lib/i386-linux-gnu/libm-2.15.so
b67ee000-b67ef000 r--p 00029000 08:05 790564     /lib/i386-linux-gnu/libm-2.15.so
b67ef000-b67f0000 rw-p 0002a000 08:05 790564     /lib/i386-linux-gnu/libm-2.15.so
b67f0000-b7073000 r-xp 00000000 08:04 26084578   /home/07721825741/Documentos/Trabalho/Aplicativos/Java/jdk1.7.0_67/jre/lib/i386/server/libjvm.so
b7073000-b70d7000 rw-p 00882000 08:04 26084578   /home/07721825741/Documentos/Trabalho/Aplicativos/Java/jdk1.7.0_67/jre/lib/i386/server/libjvm.so
b70d7000-b74fb000 rw-p 00000000 00:00 0 
b74fb000-b769f000 r-xp 00000000 08:05 790561     /lib/i386-linux-gnu/libc-2.15.so
b769f000-b76a0000 ---p 001a4000 08:05 790561     /lib/i386-linux-gnu/libc-2.15.so
b76a0000-b76a2000 r--p 001a4000 08:05 790561     /lib/i386-linux-gnu/libc-2.15.so
b76a2000-b76a3000 rw-p 001a6000 08:05 790561     /lib/i386-linux-gnu/libc-2.15.so
b76a3000-b76a6000 rw-p 00000000 00:00 0 
b76a6000-b76a9000 r-xp 00000000 08:05 790575     /lib/i386-linux-gnu/libdl-2.15.so
b76a9000-b76aa000 r--p 00002000 08:05 790575     /lib/i386-linux-gnu/libdl-2.15.so
b76aa000-b76ab000 rw-p 00003000 08:05 790575     /lib/i386-linux-gnu/libdl-2.15.so
b76ab000-b76be000 r-xp 00000000 08:04 26084585   /home/07721825741/Documentos/Trabalho/Aplicativos/Java/jdk1.7.0_67/jre/lib/i386/jli/libjli.so
b76be000-b76bf000 rw-p 00012000 08:04 26084585   /home/07721825741/Documentos/Trabalho/Aplicativos/Java/jdk1.7.0_67/jre/lib/i386/jli/libjli.so
b76bf000-b76c0000 rw-p 00000000 00:00 0 
b76c0000-b76d7000 r-xp 00000000 08:05 787554     /lib/i386-linux-gnu/libpthread-2.15.so
b76d7000-b76d8000 r--p 00016000 08:05 787554     /lib/i386-linux-gnu/libpthread-2.15.so
b76d8000-b76d9000 rw-p 00017000 08:05 787554     /lib/i386-linux-gnu/libpthread-2.15.so
b76d9000-b76db000 rw-p 00000000 00:00 0 
b76db000-b76dc000 r--s 00000000 08:04 25035133   /home/07721825741/NetBeansProjects/certificate/impl/signer/target/surefire/surefirebooter1697667013605542039.jar
b76dc000-b76e4000 rw-s 00000000 08:05 1323190    /tmp/hsperfdata_07721825741/988
b76e4000-b76e5000 rw-p 00000000 00:00 0 
b76e5000-b76e6000 r--p 00000000 00:00 0 
b76e6000-b76f1000 r-xp 00000000 08:04 26084593   /home/07721825741/Documentos/Trabalho/Aplicativos/Java/jdk1.7.0_67/jre/lib/i386/libverify.so
b76f1000-b76f2000 rw-p 0000b000 08:04 26084593   /home/07721825741/Documentos/Trabalho/Aplicativos/Java/jdk1.7.0_67/jre/lib/i386/libverify.so
b76f2000-b76f4000 rw-p 00000000 00:00 0 
b76f4000-b76f5000 r-xp 00000000 00:00 0          [vdso]
b76f5000-b7715000 r-xp 00000000 08:05 787553     /lib/i386-linux-gnu/ld-2.15.so
b7715000-b7716000 r--p 0001f000 08:05 787553     /lib/i386-linux-gnu/ld-2.15.so
b7716000-b7717000 rw-p 00020000 08:05 787553     /lib/i386-linux-gnu/ld-2.15.so
bf831000-bf832000 rwxp 00000000 00:00 0 
bf864000-bf883000 rwxp 00000000 00:00 0          [stack]
bf883000-bf885000 rw-p 00000000 00:00 0 

VM Arguments:
java_command: /home/07721825741/NetBeansProjects/certificate/impl/signer/target/surefire/surefirebooter1697667013605542039.jar /home/07721825741/NetBeansProjects/certificate/impl/signer/target/surefire/surefire4427824110004232715tmp /home/07721825741/NetBeansProjects/certificate/impl/signer/target/surefire/surefire_03409121756276119880tmp
Launcher Type: SUN_STANDARD

Environment Variables:
JAVA_HOME=/home/07721825741/Documentos/Trabalho/Aplicativos/Java/jdk1.7.0_67
PATH=/usr/lib/lightdm/lightdm:/usr/local/sbin:/usr/local/bin:/usr/sbin:/usr/bin:/sbin:/bin:/usr/games
LD_LIBRARY_PATH=/home/07721825741/Documentos/Trabalho/Aplicativos/Java/jdk1.7.0_67/jre/lib/amd64:/home/07721825741/Documentos/Trabalho/Aplicativos/Java/jdk1.7.0_67/jre/lib/i386:
SHELL=/bin/bash
DISPLAY=:0

Signal Handlers:
SIGSEGV: [libjvm.so+0x7e7680], sa_mask[0]=0x7ffbfeff, sa_flags=0x10000004
SIGBUS: [libjvm.so+0x7e7680], sa_mask[0]=0x7ffbfeff, sa_flags=0x10000004
SIGFPE: [libjvm.so+0x6818a0], sa_mask[0]=0x7ffbfeff, sa_flags=0x10000004
SIGPIPE: SIG_IGN, sa_mask[0]=0x00001000, sa_flags=0x10000000
SIGXFSZ: [libjvm.so+0x6818a0], sa_mask[0]=0x7ffbfeff, sa_flags=0x10000004
SIGILL: [libjvm.so+0x6818a0], sa_mask[0]=0x7ffbfeff, sa_flags=0x10000004
SIGUSR1: SIG_DFL, sa_mask[0]=0x00000000, sa_flags=0x00000000
SIGUSR2: [libjvm.so+0x6830a0], sa_mask[0]=0x00000004, sa_flags=0x10000004
SIGHUP: [libjvm.so+0x6843a0], sa_mask[0]=0x7ffbfeff, sa_flags=0x10000004
SIGINT: SIG_IGN, sa_mask[0]=0x00000000, sa_flags=0x00000000
SIGTERM: [libjvm.so+0x6843a0], sa_mask[0]=0x7ffbfeff, sa_flags=0x10000004
SIGQUIT: [libjvm.so+0x6843a0], sa_mask[0]=0x7ffbfeff, sa_flags=0x10000004


---------------  S Y S T E M  ---------------

OS:wheezy/sid

uname:Linux 3.2.0-58-generic-pae #88-Ubuntu SMP Tue Dec 3 18:00:02 UTC 2013 i686
libc:glibc 2.15 NPTL 2.15 
rlimit: STACK 8192k, CORE 0k, NPROC 64093, NOFILE 4096, AS infinity
load average:1,55 1,35 1,25

/proc/meminfo:
MemTotal:        8224080 kB
MemFree:         1132452 kB
Buffers:          484820 kB
Cached:          2310812 kB
SwapCached:            0 kB
Active:          4712552 kB
Inactive:        2091712 kB
Active(anon):    3932276 kB
Inactive(anon):   116156 kB
Active(file):     780276 kB
Inactive(file):  1975556 kB
Unevictable:          24 kB
Mlocked:              24 kB
HighTotal:       7432116 kB
HighFree:        1062112 kB
LowTotal:         791964 kB
LowFree:           70340 kB
SwapTotal:       7831548 kB
SwapFree:        7831548 kB
Dirty:               564 kB
Writeback:             0 kB
AnonPages:       4008496 kB
Mapped:           357440 kB
Shmem:             39796 kB
Slab:             168300 kB
SReclaimable:     138528 kB
SUnreclaim:        29772 kB
KernelStack:        7872 kB
PageTables:        37260 kB
NFS_Unstable:          0 kB
Bounce:                0 kB
WritebackTmp:          0 kB
CommitLimit:    11943588 kB
Committed_AS:   10294624 kB
VmallocTotal:     122880 kB
VmallocUsed:       49920 kB
VmallocChunk:      65300 kB
HardwareCorrupted:     0 kB
AnonHugePages:         0 kB
HugePages_Total:       0
HugePages_Free:        0
HugePages_Rsvd:        0
HugePages_Surp:        0
Hugepagesize:       2048 kB
DirectMap4k:      153592 kB
DirectMap2M:      759808 kB


CPU:total 4 (4 cores per cpu, 1 threads per core) family 6 model 42 stepping 7, cmov, cx8, fxsr, mmx, sse, sse2, sse3, ssse3, sse4.1, sse4.2, popcnt, avx, aes, tsc, tscinvbit

/proc/cpuinfo:
processor	: 0
vendor_id	: GenuineIntel
cpu family	: 6
model		: 42
model name	: Intel(R) Core(TM) i5-2400 CPU @ 3.10GHz
stepping	: 7
microcode	: 0x23
cpu MHz		: 2100.000
cache size	: 6144 KB
physical id	: 0
siblings	: 4
core id		: 0
cpu cores	: 4
apicid		: 0
initial apicid	: 0
fdiv_bug	: no
hlt_bug		: no
f00f_bug	: no
coma_bug	: no
fpu		: yes
fpu_exception	: yes
cpuid level	: 13
wp		: yes
flags		: fpu vme de pse tsc msr pae mce cx8 apic sep mtrr pge mca cmov pat pse36 clflush dts acpi mmx fxsr sse sse2 ss ht tm pbe nx rdtscp lm constant_tsc arch_perfmon pebs bts xtopology nonstop_tsc aperfmperf pni pclmulqdq dtes64 monitor ds_cpl vmx smx est tm2 ssse3 cx16 xtpr pdcm pcid sse4_1 sse4_2 x2apic popcnt tsc_deadline_timer aes xsave avx lahf_lm ida arat epb xsaveopt pln pts dtherm tpr_shadow vnmi flexpriority ept vpid
bogomips	: 6185.79
clflush size	: 64
cache_alignment	: 64
address sizes	: 36 bits physical, 48 bits virtual
power management:

processor	: 1
vendor_id	: GenuineIntel
cpu family	: 6
model		: 42
model name	: Intel(R) Core(TM) i5-2400 CPU @ 3.10GHz
stepping	: 7
microcode	: 0x23
cpu MHz		: 3101.000
cache size	: 6144 KB
physical id	: 0
siblings	: 4
core id		: 1
cpu cores	: 4
apicid		: 2
initial apicid	: 2
fdiv_bug	: no
hlt_bug		: no
f00f_bug	: no
coma_bug	: no
fpu		: yes
fpu_exception	: yes
cpuid level	: 13
wp		: yes
flags		: fpu vme de pse tsc msr pae mce cx8 apic sep mtrr pge mca cmov pat pse36 clflush dts acpi mmx fxsr sse sse2 ss ht tm pbe nx rdtscp lm constant_tsc arch_perfmon pebs bts xtopology nonstop_tsc aperfmperf pni pclmulqdq dtes64 monitor ds_cpl vmx smx est tm2 ssse3 cx16 xtpr pdcm pcid sse4_1 sse4_2 x2apic popcnt tsc_deadline_timer aes xsave avx lahf_lm ida arat epb xsaveopt pln pts dtherm tpr_shadow vnmi flexpriority ept vpid
bogomips	: 6185.66
clflush size	: 64
cache_alignment	: 64
address sizes	: 36 bits physical, 48 bits virtual
power management:

processor	: 2
vendor_id	: GenuineIntel
cpu family	: 6
model		: 42
model name	: Intel(R) Core(TM) i5-2400 CPU @ 3.10GHz
stepping	: 7
microcode	: 0x23
cpu MHz		: 3101.000
cache size	: 6144 KB
physical id	: 0
siblings	: 4
core id		: 2
cpu cores	: 4
apicid		: 4
initial apicid	: 4
fdiv_bug	: no
hlt_bug		: no
f00f_bug	: no
coma_bug	: no
fpu		: yes
fpu_exception	: yes
cpuid level	: 13
wp		: yes
flags		: fpu vme de pse tsc msr pae mce cx8 apic sep mtrr pge mca cmov pat pse36 clflush dts acpi mmx fxsr sse sse2 ss ht tm pbe nx rdtscp lm constant_tsc arch_perfmon pebs bts xtopology nonstop_tsc aperfmperf pni pclmulqdq dtes64 monitor ds_cpl vmx smx est tm2 ssse3 cx16 xtpr pdcm pcid sse4_1 sse4_2 x2apic popcnt tsc_deadline_timer aes xsave avx lahf_lm ida arat epb xsaveopt pln pts dtherm tpr_shadow vnmi flexpriority ept vpid
bogomips	: 6185.65
clflush size	: 64
cache_alignment	: 64
address sizes	: 36 bits physical, 48 bits virtual
power management:

processor	: 3
vendor_id	: GenuineIntel
cpu family	: 6
model		: 42
model name	: Intel(R) Core(TM) i5-2400 CPU @ 3.10GHz
stepping	: 7
microcode	: 0x23
cpu MHz		: 3101.000
cache size	: 6144 KB
physical id	: 0
siblings	: 4
core id		: 3
cpu cores	: 4
apicid		: 6
initial apicid	: 6
fdiv_bug	: no
hlt_bug		: no
f00f_bug	: no
coma_bug	: no
fpu		: yes
fpu_exception	: yes
cpuid level	: 13
wp		: yes
flags		: fpu vme de pse tsc msr pae mce cx8 apic sep mtrr pge mca cmov pat pse36 clflush dts acpi mmx fxsr sse sse2 ss ht tm pbe nx rdtscp lm constant_tsc arch_perfmon pebs bts xtopology nonstop_tsc aperfmperf pni pclmulqdq dtes64 monitor ds_cpl vmx smx est tm2 ssse3 cx16 xtpr pdcm pcid sse4_1 sse4_2 x2apic popcnt tsc_deadline_timer aes xsave avx lahf_lm ida arat epb xsaveopt pln pts dtherm tpr_shadow vnmi flexpriority ept vpid
bogomips	: 6185.65
clflush size	: 64
cache_alignment	: 64
address sizes	: 36 bits physical, 48 bits virtual
power management:



Memory: 4k page, physical 8224080k(1132452k free), swap 7831548k(7831548k free)

vm_info: Java HotSpot(TM) Server VM (24.65-b04) for linux-x86 JRE (1.7.0_67-b01), built on Jul 25 2014 08:54:54 by "java_re" with gcc 4.3.0 20080428 (Red Hat 4.3.0-8)

time: Thu Aug 28 14:33:52 2014
elapsed time: 5 seconds

